#
# A fatal error has been detected by the Java Runtime Environment:
#
#  SIGSEGV (0xb) at pc=0x6c130402, pid=16705, tid=1783229296
#
# JRE version: 7.0_13-b20
# Java VM: Java HotSpot(TM) Server VM (23.7-b01 mixed mode linux-x86 )
# Problematic frame:
# C  [libGL.so.1+0x62402]  glXChooseVisual+0xcdf2
#
# Failed to write core dump. Core dumps have been disabled. To enable core dumping, try "ulimit -c unlimited" before starting Java again
#
# If you would like to submit a bug report, please visit:
#   http://bugreport.sun.com/bugreport/crash.jsp
# The crash happened outside the Java Virtual Machine in native code.
# See problematic frame for where to report the bug.
#

---------------  T H R E A D  ---------------

Current thread (0x0944f800):  JavaThread "main-SharedResourceRunner" daemon [_thread_in_native, id=16748, stack(0x6a44e000,0x6a49f000)]

siginfo:si_signo=SIGSEGV: si_errno=0, si_code=1 (SEGV_MAPERR), si_addr=0x000000a8

Registers:
EAX=0x6c0b9d80, EBX=0x0956edb8, ECX=0x00000000, EDX=0x00007a10
ESP=0x6a49db80, EBP=0x00000000, ESI=0x00000000, EDI=0x094ea770
EIP=0x6c130402, EFLAGS=0x00210246, CR2=0x000000a8

Top of Stack: (sp=0x6a49db80)
0x6a49db80:   00000002 00000000 6a49dc20 00000000
0x6a49db90:   0000009a 6a49dc48 6a49dbbc 00000000
0x6a49dba0:   6a49dc28 00000000 6a49dce8 6c1507d1
0x6a49dbb0:   0000ffff 0956edb8 0956ecc0 00000000
0x6a49dbc0:   00000000 00000000 b385c700 00004141
0x6a49dbd0:   00000001 094ea770 6a49dce8 6c15076f
0x6a49dbe0:   6c1976f8 6a49eb70 01000000 00004141
0x6a49dbf0:   00000001 094ea770 6a49dce8 6c134084 

Instructions: (pc=0x6c130402)
0x6c1303e2:   ff 83 bc 24 a0 00 00 00 03 b8 01 00 00 00 89 84
0x6c1303f2:   24 d0 00 00 00 0f 85 ad fc ff ff e9 b1 fc ff ff
0x6c130402:   8b 86 a8 00 00 00 89 43 24 8b 46 7c c7 43 28 00
0x6c130412:   00 00 00 89 43 20 8b 86 a8 00 00 00 8b 97 8c 00 

Register to memory mapping:

EAX=0x6c0b9d80: <offset 0x1c1ad80> in /usr/lib/libnvidia-glcore.so.295.20 at 0x6a49f000
EBX=0x0956edb8 is an unknown value
ECX=0x00000000 is an unknown value
EDX=0x00007a10 is an unknown value
ESP=0x6a49db80 is pointing into the stack for thread: 0x0944f800
EBP=0x00000000 is an unknown value
ESI=0x00000000 is an unknown value
EDI=0x094ea770 is an unknown value


Stack: [0x6a44e000,0x6a49f000],  sp=0x6a49db80,  free space=318k
Native frames: (J=compiled Java code, j=interpreted, Vv=VM code, C=native code)
C  [libGL.so.1+0x62402]  glXChooseVisual+0xcdf2

[error occurred during error reporting (printing native stack), id 0xb]

Java frames: (J=compiled Java code, j=interpreted, Vv=VM code)
j  jogamp.opengl.x11.glx.GLX.dispatch_glXCreateNewContext0(JJIJZJ)J+0
j  jogamp.opengl.x11.glx.GLX.glXCreateNewContext(JJIJZ)J+35
j  jogamp.opengl.x11.glx.X11GLXContext.createImpl(Ljogamp/opengl/GLContextImpl;)Z+499
j  jogamp.opengl.GLContextImpl.makeCurrentWithinLock(I)I+47
j  jogamp.opengl.GLContextImpl.makeCurrent()I+227
j  jogamp.opengl.x11.glx.X11GLXDrawableFactory$SharedResourceImplementation.createSharedResource(Ljava/lang/String;)Ljogamp/opengl/SharedResourceRunner$Resource;+237
j  jogamp.opengl.SharedResourceRunner.run()V+270
j  java.lang.Thread.run()V+11
v  ~StubRoutines::call_stub

---------------  P R O C E S S  ---------------

Java Threads: ( => current thread )
=>0x0944f800 JavaThread "main-SharedResourceRunner" daemon [_thread_in_native, id=16748, stack(0x6a44e000,0x6a49f000)]
  0x0946c800 JavaThread "AWT-EventQueue-0" [_thread_blocked, id=16747, stack(0x6c1a6000,0x6c1f7000)]
  0x0946b800 JavaThread "AWT-Shutdown" [_thread_blocked, id=16746, stack(0x6c1f7000,0x6c248000)]
  0x6c379c00 JavaThread "GLProfile-GL_Bootstrapping" [_thread_in_vm, id=16745, stack(0x6c42e000,0x6c47f000)]
  0x6c33dc00 JavaThread "process reaper" daemon [_thread_blocked, id=16734, stack(0x6c69b000,0x6c6ac000)]
  0x6c77e400 JavaThread "AWT-XAWT" daemon [_thread_in_native, id=16724, stack(0x6c494000,0x6c4e5000)]
  0x6c754c00 JavaThread "Java2D Disposer" daemon [_thread_blocked, id=16723, stack(0x6c4f3000,0x6c544000)]
  0x6d940000 JavaThread "Service Thread" daemon [_thread_blocked, id=16721, stack(0x6c984000,0x6c9d5000)]
  0x6d93e400 JavaThread "C2 CompilerThread1" daemon [_thread_blocked, id=16720, stack(0x6c9d5000,0x6ca56000)]
  0x6d93c000 JavaThread "C2 CompilerThread0" daemon [_thread_blocked, id=16719, stack(0x6ca56000,0x6cad7000)]
  0x6d93a800 JavaThread "Signal Dispatcher" daemon [_thread_blocked, id=16718, stack(0x6cad7000,0x6cb28000)]
  0x6d900800 JavaThread "Finalizer" daemon [_thread_blocked, id=16717, stack(0x6cb28000,0x6cb79000)]
  0x09343000 JavaThread "Reference Handler" daemon [_thread_blocked, id=16716, stack(0x6cb79000,0x6cbca000)]
  0x091a8c00 JavaThread "main" [_thread_blocked, id=16710, stack(0xb68d1000,0xb6922000)]

Other Threads:
  0x0933d400 VMThread [stack: 0x6d834000,0x6d8b5000] [id=16715]
  0x6d94a000 WatcherThread [stack: 0x6c903000,0x6c984000] [id=16722]

VM state:not at safepoint (normal execution)

VM Mutex/Monitor currently owned by a thread: None

Heap
 PSYoungGen      total 18880K, used 12191K [0x9e550000, 0x9fa60000, 0xb3750000)
  eden space 16192K, 75% used [0x9e550000,0x9f137f00,0x9f520000)
  from space 2688K, 0% used [0x9f7c0000,0x9f7c0000,0x9fa60000)
  to   space 2688K, 0% used [0x9f520000,0x9f520000,0x9f7c0000)
 ParOldGen       total 43264K, used 0K [0x74150000, 0x76b90000, 0x9e550000)
  object space 43264K, 0% used [0x74150000,0x74150000,0x76b90000)
 PSPermGen       total 16384K, used 8087K [0x70150000, 0x71150000, 0x74150000)
  object space 16384K, 49% used [0x70150000,0x70935d80,0x71150000)

Card table byte_map: [0x6ff34000,0x70150000] byte_map_base: 0x6fbb3580

Polling page: 0xb770e000

Code Cache  [0xb3819000, 0xb3a59000, 0xb6819000)
 total_blobs=244 nmethods=20 adapters=177 free_code_cache=48784Kb largest_free_block=49940160

Compilation events (10 events):
Event: 0.287 Thread 0x6d93e400 nmethod 14 0xb386f7c8 code [0xb386f8c0, 0xb386fa30]
Event: 0.296 Thread 0x6d93c000 nmethod 15 0xb3872848 code [0xb3872960, 0xb3872d90]
Event: 0.302 Thread 0x6d93e400   17             sun.net.www.ParseUtil::encodePath (336 bytes)
Event: 0.325 Thread 0x6d93e400 nmethod 17 0xb38730c8 code [0xb38732c0, 0xb3874088]
Event: 0.343 Thread 0x6d93c000   18             java.lang.String::length (6 bytes)
Event: 0.344 Thread 0x6d93c000 nmethod 18 0xb3872208 code [0xb3872300, 0xb3872350]
Event: 0.425 Thread 0x6d93e400   19             java.lang.Math::min (11 bytes)
Event: 0.425 Thread 0x6d93e400 nmethod 19 0xb38720c8 code [0xb38721a0, 0xb38721d0]
Event: 0.497 Thread 0x6d93c000   20             java.util.StringTokenizer::scanToken (179 bytes)
Event: 0.502 Thread 0x6d93c000 nmethod 20 0xb386c848 code [0xb386c9c0, 0xb386ccec]

GC Heap History (0 events):
No events

Deoptimization events (0 events):
No events

Internal exceptions (10 events):
Event: 0.526 Thread 0x0944f800 Threw 0x9f0b5cb0 at /HUDSON/workspace/jdk7u13-2-build-linux-i586-product/jdk7u13/hotspot/src/share/vm/prims/jvm.cpp:1166
Event: 0.526 Thread 0x0944f800 Threw 0x9f0ba000 at /HUDSON/workspace/jdk7u13-2-build-linux-i586-product/jdk7u13/hotspot/src/share/vm/prims/jvm.cpp:1166
Event: 0.527 Thread 0x0944f800 Threw 0x9f0c1158 at /HUDSON/workspace/jdk7u13-2-build-linux-i586-product/jdk7u13/hotspot/src/share/vm/prims/jvm.cpp:1166
Event: 0.528 Thread 0x0944f800 Threw 0x9f0c4e18 at /HUDSON/workspace/jdk7u13-2-build-linux-i586-product/jdk7u13/hotspot/src/share/vm/prims/jvm.cpp:1166
Event: 0.528 Thread 0x0944f800 Threw 0x9f0ca1d0 at /HUDSON/workspace/jdk7u13-2-build-linux-i586-product/jdk7u13/hotspot/src/share/vm/prims/jvm.cpp:1166
Event: 0.529 Thread 0x0944f800 Threw 0x9f0d04c8 at /HUDSON/workspace/jdk7u13-2-build-linux-i586-product/jdk7u13/hotspot/src/share/vm/prims/jvm.cpp:1166
Event: 0.530 Thread 0x0944f800 Threw 0x9f0d4ce8 at /HUDSON/workspace/jdk7u13-2-build-linux-i586-product/jdk7u13/hotspot/src/share/vm/prims/jvm.cpp:1166
Event: 0.531 Thread 0x0944f800 Threw 0x9f0dbc70 at /HUDSON/workspace/jdk7u13-2-build-linux-i586-product/jdk7u13/hotspot/src/share/vm/prims/jvm.cpp:1166
Event: 0.531 Thread 0x0944f800 Threw 0x9f0dfca8 at /HUDSON/workspace/jdk7u13-2-build-linux-i586-product/jdk7u13/hotspot/src/share/vm/prims/jvm.cpp:1166
Event: 0.532 Thread 0x0944f800 Threw 0x9f0e7980 at /HUDSON/workspace/jdk7u13-2-build-linux-i586-product/jdk7u13/hotspot/src/share/vm/prims/jvm.cpp:1166

Events (10 events):
Event: 0.529 loading class 0x6c7e0928
Event: 0.529 loading class 0x6c7e0928 done
Event: 0.530 loading class 0x095564e8
Event: 0.530 loading class 0x095564e8 done
Event: 0.530 loading class 0x095569b8
Event: 0.530 loading class 0x095569b8 done
Event: 0.531 loading class 0x6c7df360
Event: 0.531 loading class 0x6c7df360 done
Event: 0.532 loading class 0x0954d2b0
Event: 0.532 loading class 0x0954d2b0 done


Dynamic libraries:
08048000-08049000 r-xp 00000000 00:15 210533593  /gpfs/main/research/java/linux/jdk1.7.0_13/jre/bin/java
08049000-0804a000 rw-p 00000000 00:15 210533593  /gpfs/main/research/java/linux/jdk1.7.0_13/jre/bin/java
091a2000-095d8000 rw-p 00000000 00:00 0          [heap]
6a300000-6a3e9000 rw-p 00000000 00:00 0 
6a3e9000-6a400000 ---p 00000000 00:00 0 
6a44e000-6a451000 ---p 00000000 00:00 0 
6a451000-6a49f000 rw-p 00000000 00:00 0 
6a49f000-6c058000 r-xp 00000000 fe:03 786877     /usr/lib/libnvidia-glcore.so.295.20
6c058000-6c0ba000 rwxp 01bb9000 fe:03 786877     /usr/lib/libnvidia-glcore.so.295.20
6c0ba000-6c0ce000 rwxp 00000000 00:00 0 
6c0ce000-6c178000 r-xp 00000000 fe:03 786878     /usr/lib/libGL.so.295.20
6c178000-6c197000 rwxp 000a9000 fe:03 786878     /usr/lib/libGL.so.295.20
6c197000-6c1a6000 rwxp 00000000 00:00 0 
6c1a6000-6c1a9000 ---p 00000000 00:00 0 
6c1a9000-6c1f7000 rw-p 00000000 00:00 0 
6c1f7000-6c1fa000 ---p 00000000 00:00 0 
6c1fa000-6c248000 rw-p 00000000 00:00 0 
6c279000-6c2fe000 r-xp 00000000 fe:04 678        /tmp/jogamp_0000/file_cache/jln7620728094409202675/jln7271570649456134250/libjogl_desktop.so
6c2fe000-6c2ff000 r--p 00084000 fe:04 678        /tmp/jogamp_0000/file_cache/jln7620728094409202675/jln7271570649456134250/libjogl_desktop.so
6c2ff000-6c300000 rw-p 00085000 fe:04 678        /tmp/jogamp_0000/file_cache/jln7620728094409202675/jln7271570649456134250/libjogl_desktop.so
6c300000-6c3fa000 rw-p 00000000 00:00 0 
6c3fa000-6c400000 ---p 00000000 00:00 0 
6c412000-6c413000 rw-p 00000000 00:00 0 
6c413000-6c415000 r-xp 00000000 fe:03 789710     /usr/lib/libXinerama.so.1.0.0
6c415000-6c416000 rw-p 00001000 fe:03 789710     /usr/lib/libXinerama.so.1.0.0
6c416000-6c419000 r-xp 00000000 fe:03 788386     /usr/lib/tls/libnvidia-tls.so.295.20
6c419000-6c41a000 rw-p 00002000 fe:03 788386     /usr/lib/tls/libnvidia-tls.so.295.20
6c41a000-6c41e000 r-xp 00000000 fe:03 794437     /usr/lib/libXxf86vm.so.1.0.0
6c41e000-6c41f000 rw-p 00003000 fe:03 794437     /usr/lib/libXxf86vm.so.1.0.0
6c41f000-6c425000 r-xp 00000000 fe:04 681        /tmp/jogamp_0000/file_cache/jln7620728094409202675/jln7271570649456134250/libnativewindow_x11.so
6c425000-6c426000 r--p 00005000 fe:04 681        /tmp/jogamp_0000/file_cache/jln7620728094409202675/jln7271570649456134250/libnativewindow_x11.so
6c426000-6c427000 rw-p 00006000 fe:04 681        /tmp/jogamp_0000/file_cache/jln7620728094409202675/jln7271570649456134250/libnativewindow_x11.so
6c427000-6c428000 r-xp 00000000 fe:04 680        /tmp/jogamp_0000/file_cache/jln7620728094409202675/jln7271570649456134250/libnativewindow_awt.so
6c428000-6c429000 r--p 00001000 fe:04 680        /tmp/jogamp_0000/file_cache/jln7620728094409202675/jln7271570649456134250/libnativewindow_awt.so
6c429000-6c42a000 rw-p 00002000 fe:04 680        /tmp/jogamp_0000/file_cache/jln7620728094409202675/jln7271570649456134250/libnativewindow_awt.so
6c42a000-6c42c000 r-xp 00000000 fe:04 677        /tmp/jogamp_0000/file_cache/jln7620728094409202675/jln7271570649456134250/libgluegen-rt.so
6c42c000-6c42d000 r--p 00001000 fe:04 677        /tmp/jogamp_0000/file_cache/jln7620728094409202675/jln7271570649456134250/libgluegen-rt.so
6c42d000-6c42e000 rw-p 00002000 fe:04 677        /tmp/jogamp_0000/file_cache/jln7620728094409202675/jln7271570649456134250/libgluegen-rt.so
6c42e000-6c431000 ---p 00000000 00:00 0 
6c431000-6c47f000 rw-p 00000000 00:00 0 
6c47f000-6c493000 r-xp 00000000 00:15 209705815  /gpfs/main/research/java/linux/jdk1.7.0_13/jre/lib/i386/libnet.so
6c493000-6c494000 rw-p 00014000 00:15 209705815  /gpfs/main/research/java/linux/jdk1.7.0_13/jre/lib/i386/libnet.so
6c494000-6c497000 ---p 00000000 00:00 0 
6c497000-6c4e5000 rw-p 00000000 00:00 0 
6c4e5000-6c4e9000 r-xp 00000000 fe:03 789700     /usr/lib/libXfixes.so.3.1.0
6c4e9000-6c4ea000 rw-p 00003000 fe:03 789700     /usr/lib/libXfixes.so.3.1.0
6c4ea000-6c4f2000 r-xp 00000000 fe:03 789704     /usr/lib/libXcursor.so.1.0.2
6c4f2000-6c4f3000 rw-p 00007000 fe:03 789704     /usr/lib/libXcursor.so.1.0.2
6c4f3000-6c4f6000 ---p 00000000 00:00 0 
6c4f6000-6c544000 rw-p 00000000 00:00 0 
6c544000-6c55c000 r-xp 00000000 fe:03 788767     /usr/lib/libxcb.so.1.1.0
6c55c000-6c55d000 rw-p 00017000 fe:03 788767     /usr/lib/libxcb.so.1.1.0
6c55d000-6c676000 r-xp 00000000 fe:03 788769     /usr/lib/libX11.so.6.3.0
6c676000-6c67a000 rw-p 00118000 fe:03 788769     /usr/lib/libX11.so.6.3.0
6c67a000-6c688000 r-xp 00000000 fe:03 788771     /usr/lib/libXext.so.6.4.0
6c688000-6c689000 rw-p 0000d000 fe:03 788771     /usr/lib/libXext.so.6.4.0
6c689000-6c68a000 r-xp 00000000 00:15 209705831  /gpfs/main/research/java/linux/jdk1.7.0_13/jre/lib/i386/libjawt.so
6c68a000-6c68b000 rw-p 00000000 00:15 209705831  /gpfs/main/research/java/linux/jdk1.7.0_13/jre/lib/i386/libjawt.so
6c68b000-6c68c000 r--s 00023000 00:14 79149467   /gpfs/main/home/ww15/course/cs032/terrace/jogamp-all-platforms/jar/jogl-all-natives-linux-i586.jar
6c68c000-6c69a000 r-xp 00000000 00:15 209705818  /gpfs/main/research/java/linux/jdk1.7.0_13/jre/lib/i386/libnio.so
6c69a000-6c69b000 rw-p 0000e000 00:15 209705818  /gpfs/main/research/java/linux/jdk1.7.0_13/jre/lib/i386/libnio.so
6c69b000-6c69e000 ---p 00000000 00:00 0 
6c69e000-6c6ac000 rw-p 00000000 00:00 0 
6c6ac000-6c6ad000 r--p 00000000 00:00 0 
6c6ad000-6c6b2000 r--s 00089000 00:15 209705861  /gpfs/main/research/java/linux/jdk1.7.0_13/jre/lib/jsse.jar
6c6b2000-6c6b4000 r--s 00019000 00:14 79149808   /gpfs/main/home/ww15/course/cs032/terrace/jogamp-all-platforms/jar/atomic/newt-core.jar
6c6b4000-6c6fd000 r-xp 00000000 00:15 209705766  /gpfs/main/research/java/linux/jdk1.7.0_13/jre/lib/i386/xawt/libmawt.so
6c6fd000-6c700000 rw-p 00048000 00:15 209705766  /gpfs/main/research/java/linux/jdk1.7.0_13/jre/lib/i386/xawt/libmawt.so
6c700000-6c800000 rw-p 00000000 00:00 0 
6c800000-6c80c000 r-xp 00000000 fe:03 790351     /usr/lib/libXi.so.6.1.0
6c80c000-6c80d000 rw-p 0000c000 fe:03 790351     /usr/lib/libXi.so.6.1.0
6c80d000-6c893000 r-xp 00000000 00:15 209705759  /gpfs/main/research/java/linux/jdk1.7.0_13/jre/lib/i386/libawt.so
6c893000-6c89a000 rw-p 00086000 00:15 209705759  /gpfs/main/research/java/linux/jdk1.7.0_13/jre/lib/i386/libawt.so
6c89a000-6c8be000 rw-p 00000000 00:00 0 
6c8be000-6c8da000 r--s 00488000 00:14 79149485   /gpfs/main/home/ww15/course/cs032/terrace/jogamp-all-platforms/jar/jogl-all.jar
6c8da000-6c903000 r--s 001ee000 00:14 195184832  /gpfs/main/home/ww15/course/cs032/terrace/lib/guava-14.0.jar
6c903000-6c904000 ---p 00000000 00:00 0 
6c904000-6c984000 rw-p 00000000 00:00 0 
6c984000-6c987000 ---p 00000000 00:00 0 
6c987000-6c9d5000 rw-p 00000000 00:00 0 
6c9d5000-6c9d8000 ---p 00000000 00:00 0 
6c9d8000-6ca56000 rw-p 00000000 00:00 0 
6ca56000-6ca59000 ---p 00000000 00:00 0 
6ca59000-6cad7000 rw-p 00000000 00:00 0 
6cad7000-6cada000 ---p 00000000 00:00 0 
6cada000-6cb28000 rw-p 00000000 00:00 0 
6cb28000-6cb2b000 ---p 00000000 00:00 0 
6cb2b000-6cb79000 rw-p 00000000 00:00 0 
6cb79000-6cb7c000 ---p 00000000 00:00 0 
6cb7c000-6cbca000 rw-p 00000000 00:00 0 
6cbca000-6cd87000 r--s 039d8000 00:15 209705045  /gpfs/main/research/java/linux/jdk1.7.0_13/jre/lib/rt.jar
6cd87000-6d80e000 rw-p 00000000 00:00 0 
6d80e000-6d812000 r-xp 00000000 fe:03 788765     /usr/lib/libXdmcp.so.6.0.0
6d812000-6d813000 rw-p 00003000 fe:03 788765     /usr/lib/libXdmcp.so.6.0.0
6d813000-6d817000 r-xp 00000000 fe:03 794441     /usr/lib/libXtst.so.6.1.0
6d817000-6d818000 rw-p 00004000 fe:03 794441     /usr/lib/libXtst.so.6.1.0
6d818000-6d820000 r-xp 00000000 fe:03 789642     /usr/lib/libXrender.so.1.3.0
6d820000-6d821000 rw-p 00007000 fe:03 789642     /usr/lib/libXrender.so.1.3.0
6d821000-6d826000 r--s 00030000 00:14 79149282   /gpfs/main/home/ww15/course/cs032/terrace/jogamp-all-platforms/jar/gluegen-rt.jar
6d826000-6d834000 r--s 00193000 00:14 161650504  /gpfs/main/home/ww15/course/cs032/terrace/java3d/ext/j3dutils.jar
6d834000-6d835000 ---p 00000000 00:00 0 
6d835000-6d900000 rw-p 00000000 00:00 0 
6d900000-6da00000 rw-p 00000000 00:00 0 
6da00000-6da02000 r--s 0000f000 00:14 79149701   /gpfs/main/home/ww15/course/cs032/terrace/jogamp-all-platforms/jar/atomic/nativewindow-core.jar
6da02000-6da0e000 r--s 002c7000 00:14 159165181  /gpfs/main/home/ww15/course/cs032/terrace/java3d/ext/j3dcore.jar
6da0e000-6fbbe000 rw-p 00000000 00:00 0 
6fbbe000-6fbbf000 ---p 00000000 00:00 0 
6fbbf000-6fc3f000 rw-p 00000000 00:00 0 
6fc3f000-6fc40000 ---p 00000000 00:00 0 
6fc40000-6fcc0000 rw-p 00000000 00:00 0 
6fcc0000-6fcc1000 ---p 00000000 00:00 0 
6fcc1000-6fd41000 rw-p 00000000 00:00 0 
6fd41000-6fd42000 ---p 00000000 00:00 0 
6fd42000-6fdca000 rw-p 00000000 00:00 0 
6fdca000-6fde2000 rw-p 00000000 00:00 0 
6fde2000-6fdf8000 rw-p 00000000 00:00 0 
6fdf8000-6ff34000 rw-p 00000000 00:00 0 
6ff34000-6ff3c000 rw-p 00000000 00:00 0 
6ff3c000-6ff54000 rw-p 00000000 00:00 0 
6ff54000-6ff6a000 rw-p 00000000 00:00 0 
6ff6a000-700a6000 rw-p 00000000 00:00 0 
700a6000-700b1000 rw-p 00000000 00:00 0 
700b1000-7014f000 rw-p 00000000 00:00 0 
7014f000-71150000 rw-p 00000000 00:00 0 
71150000-74150000 rw-p 00000000 00:00 0 
74150000-76b90000 rw-p 00000000 00:00 0 
76b90000-9e550000 rw-p 00000000 00:00 0 
9e550000-9fa60000 rw-p 00000000 00:00 0 
9fa60000-b3750000 rw-p 00000000 00:00 0 
b3750000-b3751000 r--s 00000000 00:14 79149272   /gpfs/main/home/ww15/course/cs032/terrace/jogamp-all-platforms/jar/gluegen-rt-natives-linux-i586.jar
b3751000-b3759000 r--s 0003f000 00:14 194356972  /gpfs/main/home/ww15/course/cs032/terrace/lib/junit-4.11.jar
b3759000-b3762000 rw-p 00000000 00:00 0 
b3762000-b3819000 rw-p 00000000 00:00 0 
b3819000-b3a59000 rwxp 00000000 00:00 0 
b3a59000-b6819000 rw-p 00000000 00:00 0 
b6819000-b6821000 rw-s 00000000 fe:04 675        /tmp/hsperfdata_ww15/16705
b6821000-b68a4000 r--s 00000000 fe:01 393265     /var/run/nscd/dbYSUcrT (deleted)
b68a4000-b68c7000 r-xp 00000000 00:15 209705791  /gpfs/main/research/java/linux/jdk1.7.0_13/jre/lib/i386/libjava.so
b68c7000-b68c8000 rw-p 00023000 00:15 209705791  /gpfs/main/research/java/linux/jdk1.7.0_13/jre/lib/i386/libjava.so
b68c8000-b68cf000 r-xp 00000000 fe:00 1843       /lib/i686/cmov/librt-2.11.3.so
b68cf000-b68d0000 r--p 00006000 fe:00 1843       /lib/i686/cmov/librt-2.11.3.so
b68d0000-b68d1000 rw-p 00007000 fe:00 1843       /lib/i686/cmov/librt-2.11.3.so
b68d1000-b68d4000 ---p 00000000 00:00 0 
b68d4000-b6922000 rw-p 00000000 00:00 0 
b6922000-b6946000 r-xp 00000000 fe:00 1213       /lib/i686/cmov/libm-2.11.3.so
b6946000-b6947000 r--p 00023000 fe:00 1213       /lib/i686/cmov/libm-2.11.3.so
b6947000-b6948000 rw-p 00024000 fe:00 1213       /lib/i686/cmov/libm-2.11.3.so
b6948000-b7101000 r-xp 00000000 00:15 209705849  /gpfs/main/research/java/linux/jdk1.7.0_13/jre/lib/i386/server/libjvm.so
b7101000-b7153000 rw-p 007b9000 00:15 209705849  /gpfs/main/research/java/linux/jdk1.7.0_13/jre/lib/i386/server/libjvm.so
b7153000-b7577000 rw-p 00000000 00:00 0 
b7577000-b76b7000 r-xp 00000000 fe:00 1844       /lib/i686/cmov/libc-2.11.3.so
b76b7000-b76b8000 ---p 00140000 fe:00 1844       /lib/i686/cmov/libc-2.11.3.so
b76b8000-b76ba000 r--p 00140000 fe:00 1844       /lib/i686/cmov/libc-2.11.3.so
b76ba000-b76bb000 rw-p 00142000 fe:00 1844       /lib/i686/cmov/libc-2.11.3.so
b76bb000-b76be000 rw-p 00000000 00:00 0 
b76be000-b76c0000 r-xp 00000000 fe:00 970        /lib/i686/cmov/libdl-2.11.3.so
b76c0000-b76c1000 r--p 00001000 fe:00 970        /lib/i686/cmov/libdl-2.11.3.so
b76c1000-b76c2000 rw-p 00002000 fe:00 970        /lib/i686/cmov/libdl-2.11.3.so
b76c2000-b76d5000 r-xp 00000000 00:15 209705798  /gpfs/main/research/java/linux/jdk1.7.0_13/jre/lib/i386/jli/libjli.so
b76d5000-b76d6000 rw-p 00012000 00:15 209705798  /gpfs/main/research/java/linux/jdk1.7.0_13/jre/lib/i386/jli/libjli.so
b76d6000-b76eb000 r-xp 00000000 fe:00 1824       /lib/i686/cmov/libpthread-2.11.3.so
b76eb000-b76ec000 r--p 00014000 fe:00 1824       /lib/i686/cmov/libpthread-2.11.3.so
b76ec000-b76ed000 rw-p 00015000 fe:00 1824       /lib/i686/cmov/libpthread-2.11.3.so
b76ed000-b76f0000 rw-p 00000000 00:00 0 
b76f0000-b76f2000 r-xp 00000000 fe:03 788763     /usr/lib/libXau.so.6.0.0
b76f2000-b76f3000 rw-p 00001000 fe:03 788763     /usr/lib/libXau.so.6.0.0
b76f3000-b76f5000 r--s 0004c000 00:14 161650417  /gpfs/main/home/ww15/course/cs032/terrace/java3d/ext/vecmath.jar
b76f5000-b770c000 r-xp 00000000 00:15 209705850  /gpfs/main/research/java/linux/jdk1.7.0_13/jre/lib/i386/libzip.so
b770c000-b770d000 rw-p 00017000 00:15 209705850  /gpfs/main/research/java/linux/jdk1.7.0_13/jre/lib/i386/libzip.so
b770d000-b770e000 rw-p 00000000 00:00 0 
b770e000-b770f000 r--p 00000000 00:00 0 
b770f000-b771a000 r-xp 00000000 00:15 209705767  /gpfs/main/research/java/linux/jdk1.7.0_13/jre/lib/i386/libverify.so
b771a000-b771b000 rw-p 0000b000 00:15 209705767  /gpfs/main/research/java/linux/jdk1.7.0_13/jre/lib/i386/libverify.so
b771b000-b771d000 rw-p 00000000 00:00 0 
b771d000-b771e000 r-xp 00000000 00:00 0          [vdso]
b771e000-b7739000 r-xp 00000000 fe:00 544        /lib/ld-2.11.3.so
b7739000-b773a000 r--p 0001b000 fe:00 544        /lib/ld-2.11.3.so
b773a000-b773b000 rw-p 0001c000 fe:00 544        /lib/ld-2.11.3.so
bfd71000-bfd86000 rw-p 00000000 00:00 0          [stack]

VM Arguments:
jvm_args: -Djava.library.path=/gpfs/main/home/ww15/course/cs032/terrace/jogamp-all-platforms/lib/linux-i586:/gpfs/main/home/ww15/course/cs032/terrace/jogamp-all-platforms/lib/linux-i586:/gpfs/main/home/ww15/course/cs032/terrace/jogamp-all-platforms/lib/linux-i586:/gpfs/main/home/ww15/course/cs032/terrace/jogamp-all-platforms/lib/linux-i586:/gpfs/main/home/ww15/course/cs032/terrace/jogamp-all-platforms/lib/linux-i586 -Dfile.encoding=ANSI_X3.4-1968 
java_command: gui.GamePanel
Launcher Type: SUN_STANDARD

Environment Variables:
JAVA_HOME=/pro/java/linux/jdk1.7
CLASSPATH=:/course/cs018/src/test/tester.jar
PATH=/local/projects/racket/5.3.3/i686/bin:/course/cs018/bin:/course/cs018/tabin:/research/plt/software/racket/latest/std/bin:/local/bin:/usr/local/bin:/bin:/usr/bin:/usr/X11R6/bin:/usr/games:/contrib/bin:/course/cs123/bin:/course/cs032/bin:/course/cs141/bin:/course/cs017/tabin:/course/cs017/bin:/admin/tasupport/bin:/course/cs166/bin:/course/cs033/bin:/course/cs018/scala/bin
USERNAME=ww15
LD_LIBRARY_PATH=/gpfs/main/research/java/linux/jdk1.7.0_13/jre/lib/i386/server:/gpfs/main/research/java/linux/jdk1.7.0_13/jre/lib/i386:/gpfs/main/research/java/linux/jdk1.7.0_13/jre/../lib/i386:/usr/lib/jvm/java-6-sun-1.6.0.26/jre/lib/i386/client:/usr/lib/jvm/java-6-sun-1.6.0.26/jre/lib/i386:
SHELL=/bin/bash
DISPLAY=127.0.0.1:90.0

Signal Handlers:
SIGSEGV: [libjvm.so+0x720f90], sa_mask[0]=0x7ffbfeff, sa_flags=0x10000004
SIGBUS: [libjvm.so+0x720f90], sa_mask[0]=0x7ffbfeff, sa_flags=0x10000004
SIGFPE: [libjvm.so+0x5d9de0], sa_mask[0]=0x7ffbfeff, sa_flags=0x10000004
SIGPIPE: [libjvm.so+0x5d9de0], sa_mask[0]=0x7ffbfeff, sa_flags=0x10000004
SIGXFSZ: [libjvm.so+0x5d9de0], sa_mask[0]=0x7ffbfeff, sa_flags=0x10000004
SIGILL: [libjvm.so+0x5d9de0], sa_mask[0]=0x7ffbfeff, sa_flags=0x10000004
SIGUSR1: SIG_DFL, sa_mask[0]=0x00000000, sa_flags=0x00000000
SIGUSR2: [libjvm.so+0x5d96c0], sa_mask[0]=0x00000004, sa_flags=0x10000004
SIGHUP: [libjvm.so+0x5dbcb0], sa_mask[0]=0x7ffbfeff, sa_flags=0x10000004
SIGINT: [libjvm.so+0x5dbcb0], sa_mask[0]=0x7ffbfeff, sa_flags=0x10000004
SIGTERM: [libjvm.so+0x5dbcb0], sa_mask[0]=0x7ffbfeff, sa_flags=0x10000004
SIGQUIT: [libjvm.so+0x5dbcb0], sa_mask[0]=0x7ffbfeff, sa_flags=0x10000004


---------------  S Y S T E M  ---------------

OS:6.0.7

uname:Linux 2.6.32-5-686-bigmem #1 SMP Mon Feb 25 01:53:47 UTC 2013 i686
libc:glibc 2.11.3 NPTL 2.11.3 
rlimit: STACK 8192k, CORE 0k, NPROC infinity, NOFILE 4096, AS infinity
load average:0.59 0.45 0.19

/proc/meminfo:
MemTotal:        4146488 kB
MemFree:         1296336 kB
Buffers:          279796 kB
Cached:          1696016 kB
SwapCached:         1256 kB
Active:          1466640 kB
Inactive:        1180892 kB
Active(anon):     556700 kB
Inactive(anon):   115788 kB
Active(file):     909940 kB
Inactive(file):  1065104 kB
Unevictable:          16 kB
Mlocked:              16 kB
HighTotal:       3284552 kB
HighFree:         943668 kB
LowTotal:         861936 kB
LowFree:          352668 kB
SwapTotal:       8388600 kB
SwapFree:        8378952 kB
Dirty:              1084 kB
Writeback:             0 kB
AnonPages:        670640 kB
Mapped:           142284 kB
Shmem:               768 kB
Slab:             161088 kB
SReclaimable:     144100 kB
SUnreclaim:        16988 kB
KernelStack:        3720 kB
PageTables:         7936 kB
NFS_Unstable:        164 kB
Bounce:                0 kB
WritebackTmp:          0 kB
CommitLimit:    10461844 kB
Committed_AS:    1881944 kB
VmallocTotal:     122880 kB
VmallocUsed:       55044 kB
VmallocChunk:      38908 kB
HardwareCorrupted:     0 kB
HugePages_Total:       0
HugePages_Free:        0
HugePages_Rsvd:        0
HugePages_Surp:        0
Hugepagesize:       2048 kB
DirectMap4k:      333816 kB
DirectMap2M:      575488 kB


CPU:total 4 (4 cores per cpu, 1 threads per core) family 6 model 15 stepping 11, cmov, cx8, fxsr, mmx, sse, sse2, sse3, ssse3, tsc

/proc/cpuinfo:
processor	: 0
vendor_id	: GenuineIntel
cpu family	: 6
model		: 15
model name	: Intel(R) Core(TM)2 Quad CPU    Q6600  @ 2.40GHz
stepping	: 11
cpu MHz		: 2399.610
cache size	: 4096 KB
physical id	: 0
siblings	: 4
core id		: 0
cpu cores	: 4
apicid		: 0
initial apicid	: 0
fdiv_bug	: no
hlt_bug		: no
f00f_bug	: no
coma_bug	: no
fpu		: yes
fpu_exception	: yes
cpuid level	: 10
wp		: yes
flags		: fpu vme de pse tsc msr pae mce cx8 apic sep mtrr pge mca cmov pat pse36 clflush dts acpi mmx fxsr sse sse2 ss ht tm pbe lm constant_tsc arch_perfmon pebs bts aperfmperf pni dtes64 monitor ds_cpl vmx est tm2 ssse3 cx16 xtpr pdcm lahf_lm tpr_shadow vnmi flexpriority
bogomips	: 4799.22
clflush size	: 64
cache_alignment	: 64
address sizes	: 36 bits physical, 48 bits virtual
power management:

processor	: 1
vendor_id	: GenuineIntel
cpu family	: 6
model		: 15
model name	: Intel(R) Core(TM)2 Quad CPU    Q6600  @ 2.40GHz
stepping	: 11
cpu MHz		: 2399.610
cache size	: 4096 KB
physical id	: 0
siblings	: 4
core id		: 1
cpu cores	: 4
apicid		: 1
initial apicid	: 1
fdiv_bug	: no
hlt_bug		: no
f00f_bug	: no
coma_bug	: no
fpu		: yes
fpu_exception	: yes
cpuid level	: 10
wp		: yes
flags		: fpu vme de pse tsc msr pae mce cx8 apic sep mtrr pge mca cmov pat pse36 clflush dts acpi mmx fxsr sse sse2 ss ht tm pbe lm constant_tsc arch_perfmon pebs bts aperfmperf pni dtes64 monitor ds_cpl vmx est tm2 ssse3 cx16 xtpr pdcm lahf_lm tpr_shadow vnmi flexpriority
bogomips	: 4800.29
clflush size	: 64
cache_alignment	: 64
address sizes	: 36 bits physical, 48 bits virtual
power management:

processor	: 2
vendor_id	: GenuineIntel
cpu family	: 6
model		: 15
model name	: Intel(R) Core(TM)2 Quad CPU    Q6600  @ 2.40GHz
stepping	: 11
cpu MHz		: 2399.610
cache size	: 4096 KB
physical id	: 0
siblings	: 4
core id		: 2
cpu cores	: 4
apicid		: 2
initial apicid	: 2
fdiv_bug	: no
hlt_bug		: no
f00f_bug	: no
coma_bug	: no
fpu		: yes
fpu_exception	: yes
cpuid level	: 10
wp		: yes
flags		: fpu vme de pse tsc msr pae mce cx8 apic sep mtrr pge mca cmov pat pse36 clflush dts acpi mmx fxsr sse sse2 ss ht tm pbe lm constant_tsc arch_perfmon pebs bts aperfmperf pni dtes64 monitor ds_cpl vmx est tm2 ssse3 cx16 xtpr pdcm lahf_lm tpr_shadow vnmi flexpriority
bogomips	: 4800.35
clflush size	: 64
cache_alignment	: 64
address sizes	: 36 bits physical, 48 bits virtual
power management:

processor	: 3
vendor_id	: GenuineIntel
cpu family	: 6
model		: 15
model name	: Intel(R) Core(TM)2 Quad CPU    Q6600  @ 2.40GHz
stepping	: 11
cpu MHz		: 2399.610
cache size	: 4096 KB
physical id	: 0
siblings	: 4
core id		: 3
cpu cores	: 4
apicid		: 3
initial apicid	: 3
fdiv_bug	: no
hlt_bug		: no
f00f_bug	: no
coma_bug	: no
fpu		: yes
fpu_exception	: yes
cpuid level	: 10
wp		: yes
flags		: fpu vme de pse tsc msr pae mce cx8 apic sep mtrr pge mca cmov pat pse36 clflush dts acpi mmx fxsr sse sse2 ss ht tm pbe lm constant_tsc arch_perfmon pebs bts aperfmperf pni dtes64 monitor ds_cpl vmx est tm2 ssse3 cx16 xtpr pdcm lahf_lm tpr_shadow vnmi flexpriority
bogomips	: 4800.33
clflush size	: 64
cache_alignment	: 64
address sizes	: 36 bits physical, 48 bits virtual
power management:



Memory: 4k page, physical 4146488k(1296336k free), swap 8388600k(8378952k free)

vm_info: Java HotSpot(TM) Server VM (23.7-b01) for linux-x86 JRE (1.7.0_13-b20), built on Jan 30 2013 01:28:22 by "java_re" with gcc 4.3.0 20080428 (Red Hat 4.3.0-8)

time: Thu Apr 18 10:47:46 2013
elapsed time: 0 seconds

