#
# A fatal error has been detected by the Java Runtime Environment:
#
#  SIGSEGV (0xb) at pc=0x6c08a402, pid=16657, tid=1815083888
#
# JRE version: 7.0_13-b20
# Java VM: Java HotSpot(TM) Server VM (23.7-b01 mixed mode linux-x86 )
# Problematic frame:
# C  [libGL.so.1+0x62402]  glXChooseVisual+0xcdf2
#
# Failed to write core dump. Core dumps have been disabled. To enable core dumping, try "ulimit -c unlimited" before starting Java again
#
# If you would like to submit a bug report, please visit:
#   http://bugreport.sun.com/bugreport/crash.jsp
# The crash happened outside the Java Virtual Machine in native code.
# See problematic frame for where to report the bug.
#

---------------  T H R E A D  ---------------

Current thread (0x6c3c1c00):  JavaThread "main-SharedResourceRunner" daemon [_thread_in_native, id=16700, stack(0x6c2af000,0x6c300000)]

siginfo:si_signo=SIGSEGV: si_errno=0, si_code=1 (SEGV_MAPERR), si_addr=0x000000a8

Registers:
EAX=0x6beebd80, EBX=0x08be0000, ECX=0x00000000, EDX=0x00007a10
ESP=0x6c2feb80, EBP=0x00000000, ESI=0x00000000, EDI=0x08af4a18
EIP=0x6c08a402, EFLAGS=0x00210246, CR2=0x000000a8

Top of Stack: (sp=0x6c2feb80)
0x6c2feb80:   00000002 00000000 6c2fec20 00000000
0x6c2feb90:   0000009a 6c2fec48 6c2febbc 00000000
0x6c2feba0:   6c2fec28 00000000 6c2fece8 6c0aa7d1
0x6c2febb0:   0000ffff 08be0000 08bdff08 00000000
0x6c2febc0:   00000000 00000000 b382c700 00004111
0x6c2febd0:   00000001 08af4a18 6c2fece8 6c0aa76f
0x6c2febe0:   6c0f16f8 6c2ffb70 01000000 00004111
0x6c2febf0:   00000001 08af4a18 6c2fece8 6c08e084 

Instructions: (pc=0x6c08a402)
0x6c08a3e2:   ff 83 bc 24 a0 00 00 00 03 b8 01 00 00 00 89 84
0x6c08a3f2:   24 d0 00 00 00 0f 85 ad fc ff ff e9 b1 fc ff ff
0x6c08a402:   8b 86 a8 00 00 00 89 43 24 8b 46 7c c7 43 28 00
0x6c08a412:   00 00 00 89 43 20 8b 86 a8 00 00 00 8b 97 8c 00 

Register to memory mapping:

EAX=0x6beebd80: <offset 0x1c1ad80> in /usr/lib/libnvidia-glcore.so.295.20 at 0x6a2d1000
EBX=0x08be0000 is an unknown value
ECX=0x00000000 is an unknown value
EDX=0x00007a10 is an unknown value
ESP=0x6c2feb80 is pointing into the stack for thread: 0x6c3c1c00
EBP=0x00000000 is an unknown value
ESI=0x00000000 is an unknown value
EDI=0x08af4a18 is an unknown value


Stack: [0x6c2af000,0x6c300000],  sp=0x6c2feb80,  free space=318k
Native frames: (J=compiled Java code, j=interpreted, Vv=VM code, C=native code)
C  [libGL.so.1+0x62402]  glXChooseVisual+0xcdf2

[error occurred during error reporting (printing native stack), id 0xb]

Java frames: (J=compiled Java code, j=interpreted, Vv=VM code)
j  jogamp.opengl.x11.glx.GLX.dispatch_glXCreateNewContext0(JJIJZJ)J+0
j  jogamp.opengl.x11.glx.GLX.glXCreateNewContext(JJIJZ)J+35
j  jogamp.opengl.x11.glx.X11GLXContext.createImpl(Ljogamp/opengl/GLContextImpl;)Z+499
j  jogamp.opengl.GLContextImpl.makeCurrentWithinLock(I)I+47
j  jogamp.opengl.GLContextImpl.makeCurrent()I+227
j  jogamp.opengl.x11.glx.X11GLXDrawableFactory$SharedResourceImplementation.createSharedResource(Ljava/lang/String;)Ljogamp/opengl/SharedResourceRunner$Resource;+237
j  jogamp.opengl.SharedResourceRunner.run()V+270
j  java.lang.Thread.run()V+11
v  ~StubRoutines::call_stub

---------------  P R O C E S S  ---------------

Java Threads: ( => current thread )
=>0x6c3c1c00 JavaThread "main-SharedResourceRunner" daemon [_thread_in_native, id=16700, stack(0x6c2af000,0x6c300000)]
  0x6c3af800 JavaThread "AWT-EventQueue-0" [_thread_blocked, id=16699, stack(0x6c20d000,0x6c25e000)]
  0x6c3ae800 JavaThread "AWT-Shutdown" [_thread_blocked, id=16698, stack(0x6c25e000,0x6c2af000)]
  0x6c32e000 JavaThread "process reaper" daemon [_thread_blocked, id=16686, stack(0x6c78a000,0x6c79b000)]
  0x6c576400 JavaThread "AWT-XAWT" daemon [_thread_in_native, id=16676, stack(0x6c45e000,0x6c4af000)]
  0x6c54cc00 JavaThread "Java2D Disposer" daemon [_thread_blocked, id=16675, stack(0x6c4af000,0x6c500000)]
  0x6fa40400 JavaThread "Service Thread" daemon [_thread_blocked, id=16673, stack(0x6c94b000,0x6c99c000)]
  0x6fa3e400 JavaThread "C2 CompilerThread1" daemon [_thread_blocked, id=16672, stack(0x6c99c000,0x6ca1d000)]
  0x6fa3c400 JavaThread "C2 CompilerThread0" daemon [_thread_blocked, id=16671, stack(0x6ca1d000,0x6ca9e000)]
  0x6fa3a800 JavaThread "Signal Dispatcher" daemon [_thread_blocked, id=16670, stack(0x6ca9e000,0x6caef000)]
  0x6fa00c00 JavaThread "Finalizer" daemon [_thread_blocked, id=16669, stack(0x6fb3d000,0x6fb8e000)]
  0x089b1000 JavaThread "Reference Handler" daemon [_thread_blocked, id=16668, stack(0x6caef000,0x6cb40000)]
  0x08816c00 JavaThread "main" [_thread_blocked, id=16662, stack(0xb68a1000,0xb68f2000)]

Other Threads:
  0x089ab400 VMThread [stack: 0x6cb40000,0x6cbc1000] [id=16667]
  0x6fa42400 WatcherThread [stack: 0x6c8ca000,0x6c94b000] [id=16674]

VM state:not at safepoint (normal execution)

VM Mutex/Monitor currently owned by a thread: None

Heap
 PSYoungGen      total 18880K, used 12190K [0x9e520000, 0x9fa30000, 0xb3720000)
  eden space 16192K, 75% used [0x9e520000,0x9f107ab0,0x9f4f0000)
  from space 2688K, 0% used [0x9f790000,0x9f790000,0x9fa30000)
  to   space 2688K, 0% used [0x9f4f0000,0x9f4f0000,0x9f790000)
 ParOldGen       total 43264K, used 0K [0x74120000, 0x76b60000, 0x9e520000)
  object space 43264K, 0% used [0x74120000,0x74120000,0x76b60000)
 PSPermGen       total 16384K, used 8159K [0x70120000, 0x71120000, 0x74120000)
  object space 16384K, 49% used [0x70120000,0x70917e80,0x71120000)

Card table byte_map: [0x6ff04000,0x70120000] byte_map_base: 0x6fb83700

Polling page: 0xb76de000

Code Cache  [0xb37e9000, 0xb3a29000, 0xb67e9000)
 total_blobs=361 nmethods=20 adapters=294 free_code_cache=48739Kb largest_free_block=49897280

Compilation events (10 events):
Event: 2.840 Thread 0x6fa3e400 nmethod 14 0xb383f7c8 code [0xb383f8c0, 0xb383fa30]
Event: 2.849 Thread 0x6fa3c400 nmethod 15 0xb3842848 code [0xb3842960, 0xb3842d90]
Event: 2.875 Thread 0x6fa3e400   16             sun.net.www.ParseUtil::encodePath (336 bytes)
Event: 2.897 Thread 0x6fa3e400 nmethod 16 0xb38430c8 code [0xb38432c0, 0xb3844088]
Event: 3.091 Thread 0x6fa3c400   18             java.lang.String::length (6 bytes)
Event: 3.092 Thread 0x6fa3c400 nmethod 18 0xb3842208 code [0xb3842300, 0xb3842350]
Event: 3.108 Thread 0x6fa3e400   19             java.lang.Math::min (11 bytes)
Event: 3.108 Thread 0x6fa3e400 nmethod 19 0xb38420c8 code [0xb38421a0, 0xb38421d0]
Event: 3.217 Thread 0x6fa3c400   20             java.util.StringTokenizer::scanToken (179 bytes)
Event: 3.222 Thread 0x6fa3c400 nmethod 20 0xb3852808 code [0xb3852980, 0xb3852cac]

GC Heap History (0 events):
No events

Deoptimization events (0 events):
No events

Internal exceptions (10 events):
Event: 3.246 Thread 0x6c3c1c00 Threw 0x9f085860 at /HUDSON/workspace/jdk7u13-2-build-linux-i586-product/jdk7u13/hotspot/src/share/vm/prims/jvm.cpp:1166
Event: 3.246 Thread 0x6c3c1c00 Threw 0x9f089bb0 at /HUDSON/workspace/jdk7u13-2-build-linux-i586-product/jdk7u13/hotspot/src/share/vm/prims/jvm.cpp:1166
Event: 3.247 Thread 0x6c3c1c00 Threw 0x9f090d08 at /HUDSON/workspace/jdk7u13-2-build-linux-i586-product/jdk7u13/hotspot/src/share/vm/prims/jvm.cpp:1166
Event: 3.248 Thread 0x6c3c1c00 Threw 0x9f0949c8 at /HUDSON/workspace/jdk7u13-2-build-linux-i586-product/jdk7u13/hotspot/src/share/vm/prims/jvm.cpp:1166
Event: 3.248 Thread 0x6c3c1c00 Threw 0x9f099d80 at /HUDSON/workspace/jdk7u13-2-build-linux-i586-product/jdk7u13/hotspot/src/share/vm/prims/jvm.cpp:1166
Event: 3.249 Thread 0x6c3c1c00 Threw 0x9f0a0078 at /HUDSON/workspace/jdk7u13-2-build-linux-i586-product/jdk7u13/hotspot/src/share/vm/prims/jvm.cpp:1166
Event: 3.249 Thread 0x6c3c1c00 Threw 0x9f0a4898 at /HUDSON/workspace/jdk7u13-2-build-linux-i586-product/jdk7u13/hotspot/src/share/vm/prims/jvm.cpp:1166
Event: 3.250 Thread 0x6c3c1c00 Threw 0x9f0ab820 at /HUDSON/workspace/jdk7u13-2-build-linux-i586-product/jdk7u13/hotspot/src/share/vm/prims/jvm.cpp:1166
Event: 3.251 Thread 0x6c3c1c00 Threw 0x9f0af858 at /HUDSON/workspace/jdk7u13-2-build-linux-i586-product/jdk7u13/hotspot/src/share/vm/prims/jvm.cpp:1166
Event: 3.252 Thread 0x6c3c1c00 Threw 0x9f0b7530 at /HUDSON/workspace/jdk7u13-2-build-linux-i586-product/jdk7u13/hotspot/src/share/vm/prims/jvm.cpp:1166

Events (10 events):
Event: 3.249 loading class 0x6c5d09a0
Event: 3.249 loading class 0x6c5d09a0 done
Event: 3.249 loading class 0x08bdf500
Event: 3.249 loading class 0x08bdf500 done
Event: 3.250 loading class 0x08bdf960
Event: 3.250 loading class 0x08bdf960 done
Event: 3.251 loading class 0x6c5cf3d8
Event: 3.251 loading class 0x6c5cf3d8 done
Event: 3.251 loading class 0x08bdec58
Event: 3.251 loading class 0x08bdec58 done


Dynamic libraries:
08048000-08049000 r-xp 00000000 00:15 210533593  /gpfs/main/research/java/linux/jdk1.7.0_13/jre/bin/java
08049000-0804a000 rw-p 00000000 00:15 210533593  /gpfs/main/research/java/linux/jdk1.7.0_13/jre/bin/java
08810000-08c1e000 rw-p 00000000 00:00 0          [heap]
6a24a000-6a2cf000 r-xp 00000000 fe:04 683        /tmp/jogamp_0000/file_cache/jln8604687103521046355/jln4529945575498074039/libjogl_desktop.so
6a2cf000-6a2d0000 r--p 00084000 fe:04 683        /tmp/jogamp_0000/file_cache/jln8604687103521046355/jln4529945575498074039/libjogl_desktop.so
6a2d0000-6a2d1000 rw-p 00085000 fe:04 683        /tmp/jogamp_0000/file_cache/jln8604687103521046355/jln4529945575498074039/libjogl_desktop.so
6a2d1000-6be8a000 r-xp 00000000 fe:03 786877     /usr/lib/libnvidia-glcore.so.295.20
6be8a000-6beec000 rwxp 01bb9000 fe:03 786877     /usr/lib/libnvidia-glcore.so.295.20
6beec000-6bf00000 rwxp 00000000 00:00 0 
6bf00000-6bf29000 rw-p 00000000 00:00 0 
6bf29000-6c000000 ---p 00000000 00:00 0 
6c028000-6c0d2000 r-xp 00000000 fe:03 786878     /usr/lib/libGL.so.295.20
6c0d2000-6c0f1000 rwxp 000a9000 fe:03 786878     /usr/lib/libGL.so.295.20
6c0f1000-6c100000 rwxp 00000000 00:00 0 
6c100000-6c1f9000 rw-p 00000000 00:00 0 
6c1f9000-6c200000 ---p 00000000 00:00 0 
6c20d000-6c210000 ---p 00000000 00:00 0 
6c210000-6c25e000 rw-p 00000000 00:00 0 
6c25e000-6c261000 ---p 00000000 00:00 0 
6c261000-6c2af000 rw-p 00000000 00:00 0 
6c2af000-6c2b2000 ---p 00000000 00:00 0 
6c2b2000-6c300000 rw-p 00000000 00:00 0 
6c300000-6c3fd000 rw-p 00000000 00:00 0 
6c3fd000-6c400000 ---p 00000000 00:00 0 
6c407000-6c409000 r-xp 00000000 fe:03 789710     /usr/lib/libXinerama.so.1.0.0
6c409000-6c40a000 rw-p 00001000 fe:03 789710     /usr/lib/libXinerama.so.1.0.0
6c40a000-6c40d000 r-xp 00000000 fe:03 788386     /usr/lib/tls/libnvidia-tls.so.295.20
6c40d000-6c40e000 rw-p 00002000 fe:03 788386     /usr/lib/tls/libnvidia-tls.so.295.20
6c40e000-6c412000 r-xp 00000000 fe:03 794437     /usr/lib/libXxf86vm.so.1.0.0
6c412000-6c413000 rw-p 00003000 fe:03 794437     /usr/lib/libXxf86vm.so.1.0.0
6c43e000-6c444000 r-xp 00000000 fe:04 686        /tmp/jogamp_0000/file_cache/jln8604687103521046355/jln4529945575498074039/libnativewindow_x11.so
6c444000-6c445000 r--p 00005000 fe:04 686        /tmp/jogamp_0000/file_cache/jln8604687103521046355/jln4529945575498074039/libnativewindow_x11.so
6c445000-6c446000 rw-p 00006000 fe:04 686        /tmp/jogamp_0000/file_cache/jln8604687103521046355/jln4529945575498074039/libnativewindow_x11.so
6c446000-6c447000 r-xp 00000000 fe:04 685        /tmp/jogamp_0000/file_cache/jln8604687103521046355/jln4529945575498074039/libnativewindow_awt.so
6c447000-6c448000 r--p 00001000 fe:04 685        /tmp/jogamp_0000/file_cache/jln8604687103521046355/jln4529945575498074039/libnativewindow_awt.so
6c448000-6c449000 rw-p 00002000 fe:04 685        /tmp/jogamp_0000/file_cache/jln8604687103521046355/jln4529945575498074039/libnativewindow_awt.so
6c449000-6c45d000 r-xp 00000000 00:15 209705815  /gpfs/main/research/java/linux/jdk1.7.0_13/jre/lib/i386/libnet.so
6c45d000-6c45e000 rw-p 00014000 00:15 209705815  /gpfs/main/research/java/linux/jdk1.7.0_13/jre/lib/i386/libnet.so
6c45e000-6c461000 ---p 00000000 00:00 0 
6c461000-6c4af000 rw-p 00000000 00:00 0 
6c4af000-6c4b2000 ---p 00000000 00:00 0 
6c4b2000-6c500000 rw-p 00000000 00:00 0 
6c500000-6c600000 rw-p 00000000 00:00 0 
6c601000-6c603000 r-xp 00000000 fe:04 682        /tmp/jogamp_0000/file_cache/jln8604687103521046355/jln4529945575498074039/libgluegen-rt.so
6c603000-6c604000 r--p 00001000 fe:04 682        /tmp/jogamp_0000/file_cache/jln8604687103521046355/jln4529945575498074039/libgluegen-rt.so
6c604000-6c605000 rw-p 00002000 fe:04 682        /tmp/jogamp_0000/file_cache/jln8604687103521046355/jln4529945575498074039/libgluegen-rt.so
6c605000-6c609000 r-xp 00000000 fe:03 789700     /usr/lib/libXfixes.so.3.1.0
6c609000-6c60a000 rw-p 00003000 fe:03 789700     /usr/lib/libXfixes.so.3.1.0
6c60a000-6c612000 r-xp 00000000 fe:03 789704     /usr/lib/libXcursor.so.1.0.2
6c612000-6c613000 rw-p 00007000 fe:03 789704     /usr/lib/libXcursor.so.1.0.2
6c613000-6c617000 r-xp 00000000 fe:03 788765     /usr/lib/libXdmcp.so.6.0.0
6c617000-6c618000 rw-p 00003000 fe:03 788765     /usr/lib/libXdmcp.so.6.0.0
6c618000-6c630000 r-xp 00000000 fe:03 788767     /usr/lib/libxcb.so.1.1.0
6c630000-6c631000 rw-p 00017000 fe:03 788767     /usr/lib/libxcb.so.1.1.0
6c631000-6c63d000 r-xp 00000000 fe:03 790351     /usr/lib/libXi.so.6.1.0
6c63d000-6c63e000 rw-p 0000c000 fe:03 790351     /usr/lib/libXi.so.6.1.0
6c63e000-6c642000 r-xp 00000000 fe:03 794441     /usr/lib/libXtst.so.6.1.0
6c642000-6c643000 rw-p 00004000 fe:03 794441     /usr/lib/libXtst.so.6.1.0
6c643000-6c64b000 r-xp 00000000 fe:03 789642     /usr/lib/libXrender.so.1.3.0
6c64b000-6c64c000 rw-p 00007000 fe:03 789642     /usr/lib/libXrender.so.1.3.0
6c64c000-6c765000 r-xp 00000000 fe:03 788769     /usr/lib/libX11.so.6.3.0
6c765000-6c769000 rw-p 00118000 fe:03 788769     /usr/lib/libX11.so.6.3.0
6c769000-6c777000 r-xp 00000000 fe:03 788771     /usr/lib/libXext.so.6.4.0
6c777000-6c778000 rw-p 0000d000 fe:03 788771     /usr/lib/libXext.so.6.4.0
6c778000-6c779000 rw-p 00000000 00:00 0 
6c779000-6c77a000 r-xp 00000000 00:15 209705831  /gpfs/main/research/java/linux/jdk1.7.0_13/jre/lib/i386/libjawt.so
6c77a000-6c77b000 rw-p 00000000 00:15 209705831  /gpfs/main/research/java/linux/jdk1.7.0_13/jre/lib/i386/libjawt.so
6c77b000-6c789000 r-xp 00000000 00:15 209705818  /gpfs/main/research/java/linux/jdk1.7.0_13/jre/lib/i386/libnio.so
6c789000-6c78a000 rw-p 0000e000 00:15 209705818  /gpfs/main/research/java/linux/jdk1.7.0_13/jre/lib/i386/libnio.so
6c78a000-6c78d000 ---p 00000000 00:00 0 
6c78d000-6c79b000 rw-p 00000000 00:00 0 
6c79b000-6c79c000 r--p 00000000 00:00 0 
6c79c000-6c7a1000 r--s 00089000 00:15 209705861  /gpfs/main/research/java/linux/jdk1.7.0_13/jre/lib/jsse.jar
6c7a1000-6c7a3000 r--s 00019000 00:14 79149808   /gpfs/main/home/ww15/course/cs032/terrace/jogamp-all-platforms/jar/atomic/newt-core.jar
6c7a3000-6c7ec000 r-xp 00000000 00:15 209705766  /gpfs/main/research/java/linux/jdk1.7.0_13/jre/lib/i386/xawt/libmawt.so
6c7ec000-6c7ef000 rw-p 00048000 00:15 209705766  /gpfs/main/research/java/linux/jdk1.7.0_13/jre/lib/i386/xawt/libmawt.so
6c7ef000-6c875000 r-xp 00000000 00:15 209705759  /gpfs/main/research/java/linux/jdk1.7.0_13/jre/lib/i386/libawt.so
6c875000-6c87c000 rw-p 00086000 00:15 209705759  /gpfs/main/research/java/linux/jdk1.7.0_13/jre/lib/i386/libawt.so
6c87c000-6c8a0000 rw-p 00000000 00:00 0 
6c8a0000-6c8bc000 r--s 00488000 00:14 79149485   /gpfs/main/home/ww15/course/cs032/terrace/jogamp-all-platforms/jar/jogl-all.jar
6c8bc000-6c8ca000 r--s 00193000 00:14 161650504  /gpfs/main/home/ww15/course/cs032/terrace/java3d/ext/j3dutils.jar
6c8ca000-6c8cb000 ---p 00000000 00:00 0 
6c8cb000-6c94b000 rw-p 00000000 00:00 0 
6c94b000-6c94e000 ---p 00000000 00:00 0 
6c94e000-6c99c000 rw-p 00000000 00:00 0 
6c99c000-6c99f000 ---p 00000000 00:00 0 
6c99f000-6ca1d000 rw-p 00000000 00:00 0 
6ca1d000-6ca20000 ---p 00000000 00:00 0 
6ca20000-6ca9e000 rw-p 00000000 00:00 0 
6ca9e000-6caa1000 ---p 00000000 00:00 0 
6caa1000-6caef000 rw-p 00000000 00:00 0 
6caef000-6caf2000 ---p 00000000 00:00 0 
6caf2000-6cb40000 rw-p 00000000 00:00 0 
6cb40000-6cb41000 ---p 00000000 00:00 0 
6cb41000-6cc0c000 rw-p 00000000 00:00 0 
6cc0c000-6cdc9000 r--s 039d8000 00:15 209705045  /gpfs/main/research/java/linux/jdk1.7.0_13/jre/lib/rt.jar
6cdc9000-6fa00000 rw-p 00000000 00:00 0 
6fa00000-6fb00000 rw-p 00000000 00:00 0 
6fb00000-6fb01000 r--s 00023000 00:14 79149467   /gpfs/main/home/ww15/course/cs032/terrace/jogamp-all-platforms/jar/jogl-all-natives-linux-i586.jar
6fb01000-6fb03000 r--s 0000f000 00:14 79149701   /gpfs/main/home/ww15/course/cs032/terrace/jogamp-all-platforms/jar/atomic/nativewindow-core.jar
6fb03000-6fb08000 r--s 00030000 00:14 79149282   /gpfs/main/home/ww15/course/cs032/terrace/jogamp-all-platforms/jar/gluegen-rt.jar
6fb08000-6fb14000 r--s 002c7000 00:14 159165181  /gpfs/main/home/ww15/course/cs032/terrace/java3d/ext/j3dcore.jar
6fb14000-6fb3d000 r--s 001ee000 00:14 195184832  /gpfs/main/home/ww15/course/cs032/terrace/lib/guava-14.0.jar
6fb3d000-6fb40000 ---p 00000000 00:00 0 
6fb40000-6fb8e000 rw-p 00000000 00:00 0 
6fb8e000-6fb8f000 ---p 00000000 00:00 0 
6fb8f000-6fc0f000 rw-p 00000000 00:00 0 
6fc0f000-6fc10000 ---p 00000000 00:00 0 
6fc10000-6fc90000 rw-p 00000000 00:00 0 
6fc90000-6fc91000 ---p 00000000 00:00 0 
6fc91000-6fd11000 rw-p 00000000 00:00 0 
6fd11000-6fd12000 ---p 00000000 00:00 0 
6fd12000-6fd9a000 rw-p 00000000 00:00 0 
6fd9a000-6fdb2000 rw-p 00000000 00:00 0 
6fdb2000-6fdc8000 rw-p 00000000 00:00 0 
6fdc8000-6ff04000 rw-p 00000000 00:00 0 
6ff04000-6ff0c000 rw-p 00000000 00:00 0 
6ff0c000-6ff24000 rw-p 00000000 00:00 0 
6ff24000-6ff3a000 rw-p 00000000 00:00 0 
6ff3a000-70076000 rw-p 00000000 00:00 0 
70076000-70081000 rw-p 00000000 00:00 0 
70081000-7011f000 rw-p 00000000 00:00 0 
7011f000-71120000 rw-p 00000000 00:00 0 
71120000-74120000 rw-p 00000000 00:00 0 
74120000-76b60000 rw-p 00000000 00:00 0 
76b60000-9e520000 rw-p 00000000 00:00 0 
9e520000-9fa30000 rw-p 00000000 00:00 0 
9fa30000-b3720000 rw-p 00000000 00:00 0 
b3720000-b3721000 r--s 00000000 00:14 79149272   /gpfs/main/home/ww15/course/cs032/terrace/jogamp-all-platforms/jar/gluegen-rt-natives-linux-i586.jar
b3721000-b3729000 r--s 0003f000 00:14 194356972  /gpfs/main/home/ww15/course/cs032/terrace/lib/junit-4.11.jar
b3729000-b3732000 rw-p 00000000 00:00 0 
b3732000-b37e9000 rw-p 00000000 00:00 0 
b37e9000-b3a29000 rwxp 00000000 00:00 0 
b3a29000-b67e9000 rw-p 00000000 00:00 0 
b67e9000-b67f1000 rw-s 00000000 fe:04 675        /tmp/hsperfdata_ww15/16657
b67f1000-b6874000 r--s 00000000 fe:01 393265     /var/run/nscd/dbYSUcrT (deleted)
b6874000-b6897000 r-xp 00000000 00:15 209705791  /gpfs/main/research/java/linux/jdk1.7.0_13/jre/lib/i386/libjava.so
b6897000-b6898000 rw-p 00023000 00:15 209705791  /gpfs/main/research/java/linux/jdk1.7.0_13/jre/lib/i386/libjava.so
b6898000-b689f000 r-xp 00000000 fe:00 1843       /lib/i686/cmov/librt-2.11.3.so
b689f000-b68a0000 r--p 00006000 fe:00 1843       /lib/i686/cmov/librt-2.11.3.so
b68a0000-b68a1000 rw-p 00007000 fe:00 1843       /lib/i686/cmov/librt-2.11.3.so
b68a1000-b68a4000 ---p 00000000 00:00 0 
b68a4000-b68f2000 rw-p 00000000 00:00 0 
b68f2000-b6916000 r-xp 00000000 fe:00 1213       /lib/i686/cmov/libm-2.11.3.so
b6916000-b6917000 r--p 00023000 fe:00 1213       /lib/i686/cmov/libm-2.11.3.so
b6917000-b6918000 rw-p 00024000 fe:00 1213       /lib/i686/cmov/libm-2.11.3.so
b6918000-b70d1000 r-xp 00000000 00:15 209705849  /gpfs/main/research/java/linux/jdk1.7.0_13/jre/lib/i386/server/libjvm.so
b70d1000-b7123000 rw-p 007b9000 00:15 209705849  /gpfs/main/research/java/linux/jdk1.7.0_13/jre/lib/i386/server/libjvm.so
b7123000-b7547000 rw-p 00000000 00:00 0 
b7547000-b7687000 r-xp 00000000 fe:00 1844       /lib/i686/cmov/libc-2.11.3.so
b7687000-b7688000 ---p 00140000 fe:00 1844       /lib/i686/cmov/libc-2.11.3.so
b7688000-b768a000 r--p 00140000 fe:00 1844       /lib/i686/cmov/libc-2.11.3.so
b768a000-b768b000 rw-p 00142000 fe:00 1844       /lib/i686/cmov/libc-2.11.3.so
b768b000-b768e000 rw-p 00000000 00:00 0 
b768e000-b7690000 r-xp 00000000 fe:00 970        /lib/i686/cmov/libdl-2.11.3.so
b7690000-b7691000 r--p 00001000 fe:00 970        /lib/i686/cmov/libdl-2.11.3.so
b7691000-b7692000 rw-p 00002000 fe:00 970        /lib/i686/cmov/libdl-2.11.3.so
b7692000-b76a5000 r-xp 00000000 00:15 209705798  /gpfs/main/research/java/linux/jdk1.7.0_13/jre/lib/i386/jli/libjli.so
b76a5000-b76a6000 rw-p 00012000 00:15 209705798  /gpfs/main/research/java/linux/jdk1.7.0_13/jre/lib/i386/jli/libjli.so
b76a6000-b76bb000 r-xp 00000000 fe:00 1824       /lib/i686/cmov/libpthread-2.11.3.so
b76bb000-b76bc000 r--p 00014000 fe:00 1824       /lib/i686/cmov/libpthread-2.11.3.so
b76bc000-b76bd000 rw-p 00015000 fe:00 1824       /lib/i686/cmov/libpthread-2.11.3.so
b76bd000-b76c0000 rw-p 00000000 00:00 0 
b76c0000-b76c2000 r-xp 00000000 fe:03 788763     /usr/lib/libXau.so.6.0.0
b76c2000-b76c3000 rw-p 00001000 fe:03 788763     /usr/lib/libXau.so.6.0.0
b76c3000-b76c5000 r--s 0004c000 00:14 161650417  /gpfs/main/home/ww15/course/cs032/terrace/java3d/ext/vecmath.jar
b76c5000-b76dc000 r-xp 00000000 00:15 209705850  /gpfs/main/research/java/linux/jdk1.7.0_13/jre/lib/i386/libzip.so
b76dc000-b76dd000 rw-p 00017000 00:15 209705850  /gpfs/main/research/java/linux/jdk1.7.0_13/jre/lib/i386/libzip.so
b76dd000-b76de000 rw-p 00000000 00:00 0 
b76de000-b76df000 r--p 00000000 00:00 0 
b76df000-b76ea000 r-xp 00000000 00:15 209705767  /gpfs/main/research/java/linux/jdk1.7.0_13/jre/lib/i386/libverify.so
b76ea000-b76eb000 rw-p 0000b000 00:15 209705767  /gpfs/main/research/java/linux/jdk1.7.0_13/jre/lib/i386/libverify.so
b76eb000-b76ed000 rw-p 00000000 00:00 0 
b76ed000-b76ee000 r-xp 00000000 00:00 0          [vdso]
b76ee000-b7709000 r-xp 00000000 fe:00 544        /lib/ld-2.11.3.so
b7709000-b770a000 r--p 0001b000 fe:00 544        /lib/ld-2.11.3.so
b770a000-b770b000 rw-p 0001c000 fe:00 544        /lib/ld-2.11.3.so
bfe24000-bfe39000 rw-p 00000000 00:00 0          [stack]

VM Arguments:
jvm_args: -Djava.library.path=/gpfs/main/home/ww15/course/cs032/terrace/jogamp-all-platforms/lib/linux-i586:/gpfs/main/home/ww15/course/cs032/terrace/jogamp-all-platforms/lib/linux-i586:/gpfs/main/home/ww15/course/cs032/terrace/jogamp-all-platforms/lib/linux-i586:/gpfs/main/home/ww15/course/cs032/terrace/jogamp-all-platforms/lib/linux-i586:/gpfs/main/home/ww15/course/cs032/terrace/jogamp-all-platforms/lib/linux-i586 -Dfile.encoding=ANSI_X3.4-1968 
java_command: gui.GamePanel
Launcher Type: SUN_STANDARD

Environment Variables:
JAVA_HOME=/pro/java/linux/jdk1.7
CLASSPATH=:/course/cs018/src/test/tester.jar
PATH=/local/projects/racket/5.3.3/i686/bin:/course/cs018/bin:/course/cs018/tabin:/research/plt/software/racket/latest/std/bin:/local/bin:/usr/local/bin:/bin:/usr/bin:/usr/X11R6/bin:/usr/games:/contrib/bin:/course/cs123/bin:/course/cs032/bin:/course/cs141/bin:/course/cs017/tabin:/course/cs017/bin:/admin/tasupport/bin:/course/cs166/bin:/course/cs033/bin:/course/cs018/scala/bin
USERNAME=ww15
LD_LIBRARY_PATH=/gpfs/main/research/java/linux/jdk1.7.0_13/jre/lib/i386/server:/gpfs/main/research/java/linux/jdk1.7.0_13/jre/lib/i386:/gpfs/main/research/java/linux/jdk1.7.0_13/jre/../lib/i386:/usr/lib/jvm/java-6-sun-1.6.0.26/jre/lib/i386/client:/usr/lib/jvm/java-6-sun-1.6.0.26/jre/lib/i386:
SHELL=/bin/bash
DISPLAY=127.0.0.1:90.0

Signal Handlers:
SIGSEGV: [libjvm.so+0x720f90], sa_mask[0]=0x7ffbfeff, sa_flags=0x10000004
SIGBUS: [libjvm.so+0x720f90], sa_mask[0]=0x7ffbfeff, sa_flags=0x10000004
SIGFPE: [libjvm.so+0x5d9de0], sa_mask[0]=0x7ffbfeff, sa_flags=0x10000004
SIGPIPE: [libjvm.so+0x5d9de0], sa_mask[0]=0x7ffbfeff, sa_flags=0x10000004
SIGXFSZ: [libjvm.so+0x5d9de0], sa_mask[0]=0x7ffbfeff, sa_flags=0x10000004
SIGILL: [libjvm.so+0x5d9de0], sa_mask[0]=0x7ffbfeff, sa_flags=0x10000004
SIGUSR1: SIG_DFL, sa_mask[0]=0x00000000, sa_flags=0x00000000
SIGUSR2: [libjvm.so+0x5d96c0], sa_mask[0]=0x00000004, sa_flags=0x10000004
SIGHUP: [libjvm.so+0x5dbcb0], sa_mask[0]=0x7ffbfeff, sa_flags=0x10000004
SIGINT: [libjvm.so+0x5dbcb0], sa_mask[0]=0x7ffbfeff, sa_flags=0x10000004
SIGTERM: [libjvm.so+0x5dbcb0], sa_mask[0]=0x7ffbfeff, sa_flags=0x10000004
SIGQUIT: [libjvm.so+0x5dbcb0], sa_mask[0]=0x7ffbfeff, sa_flags=0x10000004


---------------  S Y S T E M  ---------------

OS:6.0.7

uname:Linux 2.6.32-5-686-bigmem #1 SMP Mon Feb 25 01:53:47 UTC 2013 i686
libc:glibc 2.11.3 NPTL 2.11.3 
rlimit: STACK 8192k, CORE 0k, NPROC infinity, NOFILE 4096, AS infinity
load average:0.59 0.45 0.19

/proc/meminfo:
MemTotal:        4146488 kB
MemFree:         1294748 kB
Buffers:          279796 kB
Cached:          1695984 kB
SwapCached:         1256 kB
Active:          1467232 kB
Inactive:        1181896 kB
Active(anon):     558360 kB
Inactive(anon):   115788 kB
Active(file):     908872 kB
Inactive(file):  1066108 kB
Unevictable:          16 kB
Mlocked:              16 kB
HighTotal:       3284552 kB
HighFree:         942552 kB
LowTotal:         861936 kB
LowFree:          352196 kB
SwapTotal:       8388600 kB
SwapFree:        8378952 kB
Dirty:              1080 kB
Writeback:             0 kB
AnonPages:        672236 kB
Mapped:           142256 kB
Shmem:               768 kB
Slab:             161016 kB
SReclaimable:     144020 kB
SUnreclaim:        16996 kB
KernelStack:        3680 kB
PageTables:         7844 kB
NFS_Unstable:        164 kB
Bounce:                0 kB
WritebackTmp:          0 kB
CommitLimit:    10461844 kB
Committed_AS:    1881348 kB
VmallocTotal:     122880 kB
VmallocUsed:       55044 kB
VmallocChunk:      38908 kB
HardwareCorrupted:     0 kB
HugePages_Total:       0
HugePages_Free:        0
HugePages_Rsvd:        0
HugePages_Surp:        0
Hugepagesize:       2048 kB
DirectMap4k:      333816 kB
DirectMap2M:      575488 kB


CPU:total 4 (4 cores per cpu, 1 threads per core) family 6 model 15 stepping 11, cmov, cx8, fxsr, mmx, sse, sse2, sse3, ssse3, tsc

/proc/cpuinfo:
processor	: 0
vendor_id	: GenuineIntel
cpu family	: 6
model		: 15
model name	: Intel(R) Core(TM)2 Quad CPU    Q6600  @ 2.40GHz
stepping	: 11
cpu MHz		: 2399.610
cache size	: 4096 KB
physical id	: 0
siblings	: 4
core id		: 0
cpu cores	: 4
apicid		: 0
initial apicid	: 0
fdiv_bug	: no
hlt_bug		: no
f00f_bug	: no
coma_bug	: no
fpu		: yes
fpu_exception	: yes
cpuid level	: 10
wp		: yes
flags		: fpu vme de pse tsc msr pae mce cx8 apic sep mtrr pge mca cmov pat pse36 clflush dts acpi mmx fxsr sse sse2 ss ht tm pbe lm constant_tsc arch_perfmon pebs bts aperfmperf pni dtes64 monitor ds_cpl vmx est tm2 ssse3 cx16 xtpr pdcm lahf_lm tpr_shadow vnmi flexpriority
bogomips	: 4799.22
clflush size	: 64
cache_alignment	: 64
address sizes	: 36 bits physical, 48 bits virtual
power management:

processor	: 1
vendor_id	: GenuineIntel
cpu family	: 6
model		: 15
model name	: Intel(R) Core(TM)2 Quad CPU    Q6600  @ 2.40GHz
stepping	: 11
cpu MHz		: 2399.610
cache size	: 4096 KB
physical id	: 0
siblings	: 4
core id		: 1
cpu cores	: 4
apicid		: 1
initial apicid	: 1
fdiv_bug	: no
hlt_bug		: no
f00f_bug	: no
coma_bug	: no
fpu		: yes
fpu_exception	: yes
cpuid level	: 10
wp		: yes
flags		: fpu vme de pse tsc msr pae mce cx8 apic sep mtrr pge mca cmov pat pse36 clflush dts acpi mmx fxsr sse sse2 ss ht tm pbe lm constant_tsc arch_perfmon pebs bts aperfmperf pni dtes64 monitor ds_cpl vmx est tm2 ssse3 cx16 xtpr pdcm lahf_lm tpr_shadow vnmi flexpriority
bogomips	: 4800.29
clflush size	: 64
cache_alignment	: 64
address sizes	: 36 bits physical, 48 bits virtual
power management:

processor	: 2
vendor_id	: GenuineIntel
cpu family	: 6
model		: 15
model name	: Intel(R) Core(TM)2 Quad CPU    Q6600  @ 2.40GHz
stepping	: 11
cpu MHz		: 2399.610
cache size	: 4096 KB
physical id	: 0
siblings	: 4
core id		: 2
cpu cores	: 4
apicid		: 2
initial apicid	: 2
fdiv_bug	: no
hlt_bug		: no
f00f_bug	: no
coma_bug	: no
fpu		: yes
fpu_exception	: yes
cpuid level	: 10
wp		: yes
flags		: fpu vme de pse tsc msr pae mce cx8 apic sep mtrr pge mca cmov pat pse36 clflush dts acpi mmx fxsr sse sse2 ss ht tm pbe lm constant_tsc arch_perfmon pebs bts aperfmperf pni dtes64 monitor ds_cpl vmx est tm2 ssse3 cx16 xtpr pdcm lahf_lm tpr_shadow vnmi flexpriority
bogomips	: 4800.35
clflush size	: 64
cache_alignment	: 64
address sizes	: 36 bits physical, 48 bits virtual
power management:

processor	: 3
vendor_id	: GenuineIntel
cpu family	: 6
model		: 15
model name	: Intel(R) Core(TM)2 Quad CPU    Q6600  @ 2.40GHz
stepping	: 11
cpu MHz		: 2399.610
cache size	: 4096 KB
physical id	: 0
siblings	: 4
core id		: 3
cpu cores	: 4
apicid		: 3
initial apicid	: 3
fdiv_bug	: no
hlt_bug		: no
f00f_bug	: no
coma_bug	: no
fpu		: yes
fpu_exception	: yes
cpuid level	: 10
wp		: yes
flags		: fpu vme de pse tsc msr pae mce cx8 apic sep mtrr pge mca cmov pat pse36 clflush dts acpi mmx fxsr sse sse2 ss ht tm pbe lm constant_tsc arch_perfmon pebs bts aperfmperf pni dtes64 monitor ds_cpl vmx est tm2 ssse3 cx16 xtpr pdcm lahf_lm tpr_shadow vnmi flexpriority
bogomips	: 4800.33
clflush size	: 64
cache_alignment	: 64
address sizes	: 36 bits physical, 48 bits virtual
power management:



Memory: 4k page, physical 4146488k(1294748k free), swap 8388600k(8378952k free)

vm_info: Java HotSpot(TM) Server VM (23.7-b01) for linux-x86 JRE (1.7.0_13-b20), built on Jan 30 2013 01:28:22 by "java_re" with gcc 4.3.0 20080428 (Red Hat 4.3.0-8)

time: Thu Apr 18 10:47:42 2013
elapsed time: 3 seconds

