#
# A fatal error has been detected by the Java Runtime Environment:
#
#  SIGSEGV (0xb) at pc=0x6c181402, pid=16898, tid=1782385520
#
# JRE version: 7.0_13-b20
# Java VM: Java HotSpot(TM) Server VM (23.7-b01 mixed mode linux-x86 )
# Problematic frame:
# C  [libGL.so.1+0x62402]  glXChooseVisual+0xcdf2
#
# Failed to write core dump. Core dumps have been disabled. To enable core dumping, try "ulimit -c unlimited" before starting Java again
#
# If you would like to submit a bug report, please visit:
#   http://bugreport.sun.com/bugreport/crash.jsp
# The crash happened outside the Java Virtual Machine in native code.
# See problematic frame for where to report the bug.
#

---------------  T H R E A D  ---------------

Current thread (0x6c3ee400):  JavaThread "main-SharedResourceRunner" daemon [_thread_in_native, id=16941, stack(0x6a380000,0x6a3d1000)]

siginfo:si_signo=SIGSEGV: si_errno=0, si_code=1 (SEGV_MAPERR), si_addr=0x000000a8

Registers:
EAX=0x6bfebd80, EBX=0x08ee0418, ECX=0x00000000, EDX=0x00007a10
ESP=0x6a3cfc00, EBP=0x00000000, ESI=0x00000000, EDI=0x08eb0bb0
EIP=0x6c181402, EFLAGS=0x00210246, CR2=0x000000a8

Top of Stack: (sp=0x6a3cfc00)
0x6a3cfc00:   00000002 00000000 6a3cfca0 00000000
0x6a3cfc10:   0000009a 6a3cfcc8 6a3cfc3c 00000000
0x6a3cfc20:   6a3cfca8 00000000 6a3cfd68 6c1a17d1
0x6a3cfc30:   0000ffff 08ee0418 08ee0320 00000000
0x6a3cfc40:   00000000 00000000 b38af700 00004202
0x6a3cfc50:   00000001 08eb0bb0 6a3cfd68 6c1a176f
0x6a3cfc60:   6c1e86f8 6a3d0b70 01000000 00004202
0x6a3cfc70:   00000001 08eb0bb0 6a3cfd68 6c185084 

Instructions: (pc=0x6c181402)
0x6c1813e2:   ff 83 bc 24 a0 00 00 00 03 b8 01 00 00 00 89 84
0x6c1813f2:   24 d0 00 00 00 0f 85 ad fc ff ff e9 b1 fc ff ff
0x6c181402:   8b 86 a8 00 00 00 89 43 24 8b 46 7c c7 43 28 00
0x6c181412:   00 00 00 89 43 20 8b 86 a8 00 00 00 8b 97 8c 00 

Register to memory mapping:

EAX=0x6bfebd80: <offset 0x1c1ad80> in /usr/lib/libnvidia-glcore.so.295.20 at 0x6a3d1000
EBX=0x08ee0418 is an unknown value
ECX=0x00000000 is an unknown value
EDX=0x00007a10 is an unknown value
ESP=0x6a3cfc00 is pointing into the stack for thread: 0x6c3ee400
EBP=0x00000000 is an unknown value
ESI=0x00000000 is an unknown value
EDI=0x08eb0bb0 is an unknown value


Stack: [0x6a380000,0x6a3d1000],  sp=0x6a3cfc00,  free space=319k
Native frames: (J=compiled Java code, j=interpreted, Vv=VM code, C=native code)
C  [libGL.so.1+0x62402]  glXChooseVisual+0xcdf2

[error occurred during error reporting (printing native stack), id 0xb]

Java frames: (J=compiled Java code, j=interpreted, Vv=VM code)
j  jogamp.opengl.x11.glx.GLX.dispatch_glXCreateNewContext0(JJIJZJ)J+0
j  jogamp.opengl.x11.glx.GLX.glXCreateNewContext(JJIJZ)J+35
j  jogamp.opengl.x11.glx.X11GLXContext.createImpl(Ljogamp/opengl/GLContextImpl;)Z+499
j  jogamp.opengl.GLContextImpl.makeCurrentWithinLock(I)I+47
j  jogamp.opengl.GLContextImpl.makeCurrent()I+227
j  jogamp.opengl.x11.glx.X11GLXDrawableFactory$SharedResourceImplementation.createSharedResource(Ljava/lang/String;)Ljogamp/opengl/SharedResourceRunner$Resource;+237
j  jogamp.opengl.SharedResourceRunner.run()V+270
j  java.lang.Thread.run()V+11
v  ~StubRoutines::call_stub

---------------  P R O C E S S  ---------------

Java Threads: ( => current thread )
=>0x6c3ee400 JavaThread "main-SharedResourceRunner" daemon [_thread_in_native, id=16941, stack(0x6a380000,0x6a3d1000)]
  0x6c39d800 JavaThread "AWT-EventQueue-0" [_thread_blocked, id=16940, stack(0x6c1f7000,0x6c248000)]
  0x6c39c800 JavaThread "AWT-Shutdown" [_thread_blocked, id=16939, stack(0x6c40d000,0x6c45e000)]
  0x6c369800 JavaThread "GLProfile-GL_Bootstrapping" [_thread_in_vm, id=16938, stack(0x6c45e000,0x6c4af000)]
  0x6c32d800 JavaThread "process reaper" daemon [_thread_blocked, id=16927, stack(0x6c80a000,0x6c81b000)]
  0x6c576000 JavaThread "AWT-XAWT" daemon [_thread_in_native, id=16917, stack(0x6c4af000,0x6c500000)]
  0x6c54c800 JavaThread "Java2D Disposer" daemon [_thread_blocked, id=16916, stack(0x6c645000,0x6c696000)]
  0x6cb40000 JavaThread "Service Thread" daemon [_thread_blocked, id=16914, stack(0x6cc0a000,0x6cc5b000)]
  0x6cb3e400 JavaThread "C2 CompilerThread1" daemon [_thread_blocked, id=16913, stack(0x6c9fe000,0x6ca7f000)]
  0x6cb3c000 JavaThread "C2 CompilerThread0" daemon [_thread_blocked, id=16912, stack(0x6ca7f000,0x6cb00000)]
  0x6cb3a800 JavaThread "Signal Dispatcher" daemon [_thread_blocked, id=16911, stack(0x6cc5b000,0x6ccac000)]
  0x6cb00800 JavaThread "Finalizer" daemon [_thread_blocked, id=16910, stack(0x6ccac000,0x6ccfd000)]
  0x08da8000 JavaThread "Reference Handler" daemon [_thread_blocked, id=16909, stack(0x6ccfd000,0x6cd4e000)]
  0x08c0dc00 JavaThread "main" [_thread_blocked, id=16903, stack(0xb6924000,0xb6975000)]

Other Threads:
  0x08da2400 VMThread [stack: 0x6cd4e000,0x6cdcf000] [id=16908]
  0x6cb41c00 WatcherThread [stack: 0x6c97d000,0x6c9fe000] [id=16915]

VM state:not at safepoint (normal execution)

VM Mutex/Monitor currently owned by a thread: None

Heap
 PSYoungGen      total 18880K, used 12191K [0x9e5a0000, 0x9fab0000, 0xb37a0000)
  eden space 16192K, 75% used [0x9e5a0000,0x9f187ea8,0x9f570000)
  from space 2688K, 0% used [0x9f810000,0x9f810000,0x9fab0000)
  to   space 2688K, 0% used [0x9f570000,0x9f570000,0x9f810000)
 ParOldGen       total 43264K, used 0K [0x741a0000, 0x76be0000, 0x9e5a0000)
  object space 43264K, 0% used [0x741a0000,0x741a0000,0x76be0000)
 PSPermGen       total 16384K, used 8141K [0x701a0000, 0x711a0000, 0x741a0000)
  object space 16384K, 49% used [0x701a0000,0x70993628,0x711a0000)

Card table byte_map: [0x6ff84000,0x701a0000] byte_map_base: 0x6fc03300

Polling page: 0xb7761000

Code Cache  [0xb386c000, 0xb3aac000, 0xb686c000)
 total_blobs=310 nmethods=20 adapters=243 free_code_cache=48760Kb largest_free_block=49929728

Compilation events (10 events):
Event: 0.282 Thread 0x6cb3e400 nmethod 14 0xb38c27c8 code [0xb38c28c0, 0xb38c2a30]
Event: 0.291 Thread 0x6cb3c000 nmethod 15 0xb38c5848 code [0xb38c5960, 0xb38c5d90]
Event: 0.298 Thread 0x6cb3e400   17             sun.net.www.ParseUtil::encodePath (336 bytes)
Event: 0.320 Thread 0x6cb3e400 nmethod 17 0xb38c60c8 code [0xb38c62c0, 0xb38c7088]
Event: 0.336 Thread 0x6cb3c000   18             java.lang.String::length (6 bytes)
Event: 0.337 Thread 0x6cb3c000 nmethod 18 0xb38c5208 code [0xb38c5300, 0xb38c5350]
Event: 0.422 Thread 0x6cb3e400   19             java.lang.Math::min (11 bytes)
Event: 0.423 Thread 0x6cb3e400 nmethod 19 0xb38c50c8 code [0xb38c51a0, 0xb38c51d0]
Event: 0.496 Thread 0x6cb3c000   20             java.util.StringTokenizer::scanToken (179 bytes)
Event: 0.501 Thread 0x6cb3c000 nmethod 20 0xb38bf848 code [0xb38bf9c0, 0xb38bfcec]

GC Heap History (0 events):
No events

Deoptimization events (0 events):
No events

Internal exceptions (10 events):
Event: 0.528 Thread 0x6c3ee400 Threw 0x9f105c58 at /HUDSON/workspace/jdk7u13-2-build-linux-i586-product/jdk7u13/hotspot/src/share/vm/prims/jvm.cpp:1166
Event: 0.529 Thread 0x6c3ee400 Threw 0x9f109fa8 at /HUDSON/workspace/jdk7u13-2-build-linux-i586-product/jdk7u13/hotspot/src/share/vm/prims/jvm.cpp:1166
Event: 0.530 Thread 0x6c3ee400 Threw 0x9f111100 at /HUDSON/workspace/jdk7u13-2-build-linux-i586-product/jdk7u13/hotspot/src/share/vm/prims/jvm.cpp:1166
Event: 0.530 Thread 0x6c3ee400 Threw 0x9f114dc0 at /HUDSON/workspace/jdk7u13-2-build-linux-i586-product/jdk7u13/hotspot/src/share/vm/prims/jvm.cpp:1166
Event: 0.531 Thread 0x6c3ee400 Threw 0x9f11a178 at /HUDSON/workspace/jdk7u13-2-build-linux-i586-product/jdk7u13/hotspot/src/share/vm/prims/jvm.cpp:1166
Event: 0.531 Thread 0x6c3ee400 Threw 0x9f120470 at /HUDSON/workspace/jdk7u13-2-build-linux-i586-product/jdk7u13/hotspot/src/share/vm/prims/jvm.cpp:1166
Event: 0.532 Thread 0x6c3ee400 Threw 0x9f124c90 at /HUDSON/workspace/jdk7u13-2-build-linux-i586-product/jdk7u13/hotspot/src/share/vm/prims/jvm.cpp:1166
Event: 0.533 Thread 0x6c3ee400 Threw 0x9f12bc18 at /HUDSON/workspace/jdk7u13-2-build-linux-i586-product/jdk7u13/hotspot/src/share/vm/prims/jvm.cpp:1166
Event: 0.533 Thread 0x6c3ee400 Threw 0x9f12fc50 at /HUDSON/workspace/jdk7u13-2-build-linux-i586-product/jdk7u13/hotspot/src/share/vm/prims/jvm.cpp:1166
Event: 0.534 Thread 0x6c3ee400 Threw 0x9f137928 at /HUDSON/workspace/jdk7u13-2-build-linux-i586-product/jdk7u13/hotspot/src/share/vm/prims/jvm.cpp:1166

Events (10 events):
Event: 0.531 loading class 0x6c5d85c8
Event: 0.531 loading class 0x6c5d85c8 done
Event: 0.532 loading class 0x08edf880
Event: 0.532 loading class 0x08edf880 done
Event: 0.533 loading class 0x08edfce0
Event: 0.533 loading class 0x08edfce0 done
Event: 0.533 loading class 0x6c5d7000
Event: 0.533 loading class 0x6c5d7000 done
Event: 0.534 loading class 0x08ee2118
Event: 0.534 loading class 0x08ee2118 done


Dynamic libraries:
08048000-08049000 r-xp 00000000 00:15 210533593  /gpfs/main/research/java/linux/jdk1.7.0_13/jre/bin/java
08049000-0804a000 rw-p 00000000 00:15 210533593  /gpfs/main/research/java/linux/jdk1.7.0_13/jre/bin/java
08c07000-090ff000 rw-p 00000000 00:00 0          [heap]
6a380000-6a383000 ---p 00000000 00:00 0 
6a383000-6a3d1000 rw-p 00000000 00:00 0 
6a3d1000-6bf8a000 r-xp 00000000 fe:03 786877     /usr/lib/libnvidia-glcore.so.295.20
6bf8a000-6bfec000 rwxp 01bb9000 fe:03 786877     /usr/lib/libnvidia-glcore.so.295.20
6bfec000-6c000000 rwxp 00000000 00:00 0 
6c000000-6c03a000 rw-p 00000000 00:00 0 
6c03a000-6c100000 ---p 00000000 00:00 0 
6c11f000-6c1c9000 r-xp 00000000 fe:03 786878     /usr/lib/libGL.so.295.20
6c1c9000-6c1e8000 rwxp 000a9000 fe:03 786878     /usr/lib/libGL.so.295.20
6c1e8000-6c1f7000 rwxp 00000000 00:00 0 
6c1f7000-6c1fa000 ---p 00000000 00:00 0 
6c1fa000-6c248000 rw-p 00000000 00:00 0 
6c24b000-6c24d000 r-xp 00000000 fe:03 789710     /usr/lib/libXinerama.so.1.0.0
6c24d000-6c24e000 rw-p 00001000 fe:03 789710     /usr/lib/libXinerama.so.1.0.0
6c278000-6c279000 rw-p 00000000 00:00 0 
6c279000-6c2fe000 r-xp 00000000 fe:04 567        /tmp/jogamp_0000/file_cache/jln5640950934935308568/jln183602068329342686/libjogl_desktop.so
6c2fe000-6c2ff000 r--p 00084000 fe:04 567        /tmp/jogamp_0000/file_cache/jln5640950934935308568/jln183602068329342686/libjogl_desktop.so
6c2ff000-6c300000 rw-p 00085000 fe:04 567        /tmp/jogamp_0000/file_cache/jln5640950934935308568/jln183602068329342686/libjogl_desktop.so
6c300000-6c400000 rw-p 00000000 00:00 0 
6c40d000-6c410000 ---p 00000000 00:00 0 
6c410000-6c45e000 rw-p 00000000 00:00 0 
6c45e000-6c461000 ---p 00000000 00:00 0 
6c461000-6c4af000 rw-p 00000000 00:00 0 
6c4af000-6c4b2000 ---p 00000000 00:00 0 
6c4b2000-6c500000 rw-p 00000000 00:00 0 
6c500000-6c600000 rw-p 00000000 00:00 0 
6c60b000-6c60e000 r-xp 00000000 fe:03 788386     /usr/lib/tls/libnvidia-tls.so.295.20
6c60e000-6c60f000 rw-p 00002000 fe:03 788386     /usr/lib/tls/libnvidia-tls.so.295.20
6c60f000-6c613000 r-xp 00000000 fe:03 794437     /usr/lib/libXxf86vm.so.1.0.0
6c613000-6c614000 rw-p 00003000 fe:03 794437     /usr/lib/libXxf86vm.so.1.0.0
6c614000-6c61a000 r-xp 00000000 fe:04 601        /tmp/jogamp_0000/file_cache/jln5640950934935308568/jln183602068329342686/libnativewindow_x11.so
6c61a000-6c61b000 r--p 00005000 fe:04 601        /tmp/jogamp_0000/file_cache/jln5640950934935308568/jln183602068329342686/libnativewindow_x11.so
6c61b000-6c61c000 rw-p 00006000 fe:04 601        /tmp/jogamp_0000/file_cache/jln5640950934935308568/jln183602068329342686/libnativewindow_x11.so
6c61c000-6c61d000 r-xp 00000000 fe:04 573        /tmp/jogamp_0000/file_cache/jln5640950934935308568/jln183602068329342686/libnativewindow_awt.so
6c61d000-6c61e000 r--p 00001000 fe:04 573        /tmp/jogamp_0000/file_cache/jln5640950934935308568/jln183602068329342686/libnativewindow_awt.so
6c61e000-6c61f000 rw-p 00002000 fe:04 573        /tmp/jogamp_0000/file_cache/jln5640950934935308568/jln183602068329342686/libnativewindow_awt.so
6c61f000-6c620000 r-xp 00000000 00:15 209705831  /gpfs/main/research/java/linux/jdk1.7.0_13/jre/lib/i386/libjawt.so
6c620000-6c621000 rw-p 00000000 00:15 209705831  /gpfs/main/research/java/linux/jdk1.7.0_13/jre/lib/i386/libjawt.so
6c621000-6c622000 r--s 00023000 00:14 79149467   /gpfs/main/home/ww15/course/cs032/terrace/jogamp-all-platforms/jar/jogl-all-natives-linux-i586.jar
6c622000-6c636000 r-xp 00000000 00:15 209705815  /gpfs/main/research/java/linux/jdk1.7.0_13/jre/lib/i386/libnet.so
6c636000-6c637000 rw-p 00014000 00:15 209705815  /gpfs/main/research/java/linux/jdk1.7.0_13/jre/lib/i386/libnet.so
6c637000-6c63b000 r-xp 00000000 fe:03 789700     /usr/lib/libXfixes.so.3.1.0
6c63b000-6c63c000 rw-p 00003000 fe:03 789700     /usr/lib/libXfixes.so.3.1.0
6c63c000-6c644000 r-xp 00000000 fe:03 789704     /usr/lib/libXcursor.so.1.0.2
6c644000-6c645000 rw-p 00007000 fe:03 789704     /usr/lib/libXcursor.so.1.0.2
6c645000-6c648000 ---p 00000000 00:00 0 
6c648000-6c696000 rw-p 00000000 00:00 0 
6c696000-6c69a000 r-xp 00000000 fe:03 788765     /usr/lib/libXdmcp.so.6.0.0
6c69a000-6c69b000 rw-p 00003000 fe:03 788765     /usr/lib/libXdmcp.so.6.0.0
6c69b000-6c6b3000 r-xp 00000000 fe:03 788767     /usr/lib/libxcb.so.1.1.0
6c6b3000-6c6b4000 rw-p 00017000 fe:03 788767     /usr/lib/libxcb.so.1.1.0
6c6b4000-6c6c0000 r-xp 00000000 fe:03 790351     /usr/lib/libXi.so.6.1.0
6c6c0000-6c6c1000 rw-p 0000c000 fe:03 790351     /usr/lib/libXi.so.6.1.0
6c6c1000-6c6c9000 r-xp 00000000 fe:03 789642     /usr/lib/libXrender.so.1.3.0
6c6c9000-6c6ca000 rw-p 00007000 fe:03 789642     /usr/lib/libXrender.so.1.3.0
6c6ca000-6c7e3000 r-xp 00000000 fe:03 788769     /usr/lib/libX11.so.6.3.0
6c7e3000-6c7e7000 rw-p 00118000 fe:03 788769     /usr/lib/libX11.so.6.3.0
6c7e7000-6c7f5000 r-xp 00000000 fe:03 788771     /usr/lib/libXext.so.6.4.0
6c7f5000-6c7f6000 rw-p 0000d000 fe:03 788771     /usr/lib/libXext.so.6.4.0
6c7f6000-6c7f8000 r-xp 00000000 fe:04 566        /tmp/jogamp_0000/file_cache/jln5640950934935308568/jln183602068329342686/libgluegen-rt.so
6c7f8000-6c7f9000 r--p 00001000 fe:04 566        /tmp/jogamp_0000/file_cache/jln5640950934935308568/jln183602068329342686/libgluegen-rt.so
6c7f9000-6c7fa000 rw-p 00002000 fe:04 566        /tmp/jogamp_0000/file_cache/jln5640950934935308568/jln183602068329342686/libgluegen-rt.so
6c7fa000-6c7fb000 r--s 00000000 00:14 79149272   /gpfs/main/home/ww15/course/cs032/terrace/jogamp-all-platforms/jar/gluegen-rt-natives-linux-i586.jar
6c7fb000-6c809000 r-xp 00000000 00:15 209705818  /gpfs/main/research/java/linux/jdk1.7.0_13/jre/lib/i386/libnio.so
6c809000-6c80a000 rw-p 0000e000 00:15 209705818  /gpfs/main/research/java/linux/jdk1.7.0_13/jre/lib/i386/libnio.so
6c80a000-6c80d000 ---p 00000000 00:00 0 
6c80d000-6c81b000 rw-p 00000000 00:00 0 
6c81b000-6c81c000 r--p 00000000 00:00 0 
6c81c000-6c821000 r--s 00089000 00:15 209705861  /gpfs/main/research/java/linux/jdk1.7.0_13/jre/lib/jsse.jar
6c821000-6c86a000 r-xp 00000000 00:15 209705766  /gpfs/main/research/java/linux/jdk1.7.0_13/jre/lib/i386/xawt/libmawt.so
6c86a000-6c86d000 rw-p 00048000 00:15 209705766  /gpfs/main/research/java/linux/jdk1.7.0_13/jre/lib/i386/xawt/libmawt.so
6c86d000-6c8f3000 r-xp 00000000 00:15 209705759  /gpfs/main/research/java/linux/jdk1.7.0_13/jre/lib/i386/libawt.so
6c8f3000-6c8fa000 rw-p 00086000 00:15 209705759  /gpfs/main/research/java/linux/jdk1.7.0_13/jre/lib/i386/libawt.so
6c8fa000-6c91e000 rw-p 00000000 00:00 0 
6c91e000-6c93a000 r--s 00488000 00:14 79149485   /gpfs/main/home/ww15/course/cs032/terrace/jogamp-all-platforms/jar/jogl-all.jar
6c93a000-6c948000 r--s 00193000 00:14 161650504  /gpfs/main/home/ww15/course/cs032/terrace/java3d/ext/j3dutils.jar
6c948000-6c954000 r--s 002c7000 00:14 159165181  /gpfs/main/home/ww15/course/cs032/terrace/java3d/ext/j3dcore.jar
6c954000-6c97d000 r--s 001ee000 00:14 195184832  /gpfs/main/home/ww15/course/cs032/terrace/lib/guava-14.0.jar
6c97d000-6c97e000 ---p 00000000 00:00 0 
6c97e000-6c9fe000 rw-p 00000000 00:00 0 
6c9fe000-6ca01000 ---p 00000000 00:00 0 
6ca01000-6ca7f000 rw-p 00000000 00:00 0 
6ca7f000-6ca82000 ---p 00000000 00:00 0 
6ca82000-6cb00000 rw-p 00000000 00:00 0 
6cb00000-6cc00000 rw-p 00000000 00:00 0 
6cc00000-6cc04000 r-xp 00000000 fe:03 794441     /usr/lib/libXtst.so.6.1.0
6cc04000-6cc05000 rw-p 00004000 fe:03 794441     /usr/lib/libXtst.so.6.1.0
6cc05000-6cc0a000 r--s 00030000 00:14 79149282   /gpfs/main/home/ww15/course/cs032/terrace/jogamp-all-platforms/jar/gluegen-rt.jar
6cc0a000-6cc0d000 ---p 00000000 00:00 0 
6cc0d000-6cc5b000 rw-p 00000000 00:00 0 
6cc5b000-6cc5e000 ---p 00000000 00:00 0 
6cc5e000-6ccac000 rw-p 00000000 00:00 0 
6ccac000-6ccaf000 ---p 00000000 00:00 0 
6ccaf000-6ccfd000 rw-p 00000000 00:00 0 
6ccfd000-6cd00000 ---p 00000000 00:00 0 
6cd00000-6cd4e000 rw-p 00000000 00:00 0 
6cd4e000-6cd4f000 ---p 00000000 00:00 0 
6cd4f000-6ce1a000 rw-p 00000000 00:00 0 
6ce1a000-6cfd7000 r--s 039d8000 00:15 209705045  /gpfs/main/research/java/linux/jdk1.7.0_13/jre/lib/rt.jar
6cfd7000-6fc0e000 rw-p 00000000 00:00 0 
6fc0e000-6fc0f000 ---p 00000000 00:00 0 
6fc0f000-6fc8f000 rw-p 00000000 00:00 0 
6fc8f000-6fc90000 ---p 00000000 00:00 0 
6fc90000-6fd10000 rw-p 00000000 00:00 0 
6fd10000-6fd11000 ---p 00000000 00:00 0 
6fd11000-6fd91000 rw-p 00000000 00:00 0 
6fd91000-6fd92000 ---p 00000000 00:00 0 
6fd92000-6fe1a000 rw-p 00000000 00:00 0 
6fe1a000-6fe32000 rw-p 00000000 00:00 0 
6fe32000-6fe48000 rw-p 00000000 00:00 0 
6fe48000-6ff84000 rw-p 00000000 00:00 0 
6ff84000-6ff8c000 rw-p 00000000 00:00 0 
6ff8c000-6ffa4000 rw-p 00000000 00:00 0 
6ffa4000-6ffba000 rw-p 00000000 00:00 0 
6ffba000-700f6000 rw-p 00000000 00:00 0 
700f6000-70101000 rw-p 00000000 00:00 0 
70101000-7019f000 rw-p 00000000 00:00 0 
7019f000-711a0000 rw-p 00000000 00:00 0 
711a0000-741a0000 rw-p 00000000 00:00 0 
741a0000-76be0000 rw-p 00000000 00:00 0 
76be0000-9e5a0000 rw-p 00000000 00:00 0 
9e5a0000-9fab0000 rw-p 00000000 00:00 0 
9fab0000-b37a0000 rw-p 00000000 00:00 0 
b37a0000-b37a2000 r--s 00019000 00:14 79149808   /gpfs/main/home/ww15/course/cs032/terrace/jogamp-all-platforms/jar/atomic/newt-core.jar
b37a2000-b37a4000 r--s 0000f000 00:14 79149701   /gpfs/main/home/ww15/course/cs032/terrace/jogamp-all-platforms/jar/atomic/nativewindow-core.jar
b37a4000-b37ac000 r--s 0003f000 00:14 194356972  /gpfs/main/home/ww15/course/cs032/terrace/lib/junit-4.11.jar
b37ac000-b37b5000 rw-p 00000000 00:00 0 
b37b5000-b386c000 rw-p 00000000 00:00 0 
b386c000-b3aac000 rwxp 00000000 00:00 0 
b3aac000-b686c000 rw-p 00000000 00:00 0 
b686c000-b6874000 rw-s 00000000 fe:04 426        /tmp/hsperfdata_ww15/16898
b6874000-b68f7000 r--s 00000000 fe:01 393265     /var/run/nscd/dbYSUcrT (deleted)
b68f7000-b691a000 r-xp 00000000 00:15 209705791  /gpfs/main/research/java/linux/jdk1.7.0_13/jre/lib/i386/libjava.so
b691a000-b691b000 rw-p 00023000 00:15 209705791  /gpfs/main/research/java/linux/jdk1.7.0_13/jre/lib/i386/libjava.so
b691b000-b6922000 r-xp 00000000 fe:00 1843       /lib/i686/cmov/librt-2.11.3.so
b6922000-b6923000 r--p 00006000 fe:00 1843       /lib/i686/cmov/librt-2.11.3.so
b6923000-b6924000 rw-p 00007000 fe:00 1843       /lib/i686/cmov/librt-2.11.3.so
b6924000-b6927000 ---p 00000000 00:00 0 
b6927000-b6975000 rw-p 00000000 00:00 0 
b6975000-b6999000 r-xp 00000000 fe:00 1213       /lib/i686/cmov/libm-2.11.3.so
b6999000-b699a000 r--p 00023000 fe:00 1213       /lib/i686/cmov/libm-2.11.3.so
b699a000-b699b000 rw-p 00024000 fe:00 1213       /lib/i686/cmov/libm-2.11.3.so
b699b000-b7154000 r-xp 00000000 00:15 209705849  /gpfs/main/research/java/linux/jdk1.7.0_13/jre/lib/i386/server/libjvm.so
b7154000-b71a6000 rw-p 007b9000 00:15 209705849  /gpfs/main/research/java/linux/jdk1.7.0_13/jre/lib/i386/server/libjvm.so
b71a6000-b75ca000 rw-p 00000000 00:00 0 
b75ca000-b770a000 r-xp 00000000 fe:00 1844       /lib/i686/cmov/libc-2.11.3.so
b770a000-b770b000 ---p 00140000 fe:00 1844       /lib/i686/cmov/libc-2.11.3.so
b770b000-b770d000 r--p 00140000 fe:00 1844       /lib/i686/cmov/libc-2.11.3.so
b770d000-b770e000 rw-p 00142000 fe:00 1844       /lib/i686/cmov/libc-2.11.3.so
b770e000-b7711000 rw-p 00000000 00:00 0 
b7711000-b7713000 r-xp 00000000 fe:00 970        /lib/i686/cmov/libdl-2.11.3.so
b7713000-b7714000 r--p 00001000 fe:00 970        /lib/i686/cmov/libdl-2.11.3.so
b7714000-b7715000 rw-p 00002000 fe:00 970        /lib/i686/cmov/libdl-2.11.3.so
b7715000-b7728000 r-xp 00000000 00:15 209705798  /gpfs/main/research/java/linux/jdk1.7.0_13/jre/lib/i386/jli/libjli.so
b7728000-b7729000 rw-p 00012000 00:15 209705798  /gpfs/main/research/java/linux/jdk1.7.0_13/jre/lib/i386/jli/libjli.so
b7729000-b773e000 r-xp 00000000 fe:00 1824       /lib/i686/cmov/libpthread-2.11.3.so
b773e000-b773f000 r--p 00014000 fe:00 1824       /lib/i686/cmov/libpthread-2.11.3.so
b773f000-b7740000 rw-p 00015000 fe:00 1824       /lib/i686/cmov/libpthread-2.11.3.so
b7740000-b7743000 rw-p 00000000 00:00 0 
b7743000-b7745000 r-xp 00000000 fe:03 788763     /usr/lib/libXau.so.6.0.0
b7745000-b7746000 rw-p 00001000 fe:03 788763     /usr/lib/libXau.so.6.0.0
b7746000-b7748000 r--s 0004c000 00:14 161650417  /gpfs/main/home/ww15/course/cs032/terrace/java3d/ext/vecmath.jar
b7748000-b775f000 r-xp 00000000 00:15 209705850  /gpfs/main/research/java/linux/jdk1.7.0_13/jre/lib/i386/libzip.so
b775f000-b7760000 rw-p 00017000 00:15 209705850  /gpfs/main/research/java/linux/jdk1.7.0_13/jre/lib/i386/libzip.so
b7760000-b7761000 rw-p 00000000 00:00 0 
b7761000-b7762000 r--p 00000000 00:00 0 
b7762000-b776d000 r-xp 00000000 00:15 209705767  /gpfs/main/research/java/linux/jdk1.7.0_13/jre/lib/i386/libverify.so
b776d000-b776e000 rw-p 0000b000 00:15 209705767  /gpfs/main/research/java/linux/jdk1.7.0_13/jre/lib/i386/libverify.so
b776e000-b7770000 rw-p 00000000 00:00 0 
b7770000-b7771000 r-xp 00000000 00:00 0          [vdso]
b7771000-b778c000 r-xp 00000000 fe:00 544        /lib/ld-2.11.3.so
b778c000-b778d000 r--p 0001b000 fe:00 544        /lib/ld-2.11.3.so
b778d000-b778e000 rw-p 0001c000 fe:00 544        /lib/ld-2.11.3.so
bfb4e000-bfb63000 rw-p 00000000 00:00 0          [stack]

VM Arguments:
jvm_args: -Djava.library.path=/gpfs/main/home/ww15/course/cs032/terrace/jogamp-all-platforms/lib/linux-i586:/gpfs/main/home/ww15/course/cs032/terrace/jogamp-all-platforms/lib/linux-i586:/gpfs/main/home/ww15/course/cs032/terrace/jogamp-all-platforms/lib/linux-i586:/gpfs/main/home/ww15/course/cs032/terrace/jogamp-all-platforms/lib/linux-i586:/gpfs/main/home/ww15/course/cs032/terrace/jogamp-all-platforms/lib/linux-i586 -Dfile.encoding=ANSI_X3.4-1968 
java_command: gui.GamePanel
Launcher Type: SUN_STANDARD

Environment Variables:
JAVA_HOME=/pro/java/linux/jdk1.7
CLASSPATH=:/course/cs018/src/test/tester.jar
PATH=/local/projects/racket/5.3.3/i686/bin:/course/cs018/bin:/course/cs018/tabin:/research/plt/software/racket/latest/std/bin:/local/bin:/usr/local/bin:/bin:/usr/bin:/usr/X11R6/bin:/usr/games:/contrib/bin:/course/cs123/bin:/course/cs032/bin:/course/cs141/bin:/course/cs017/tabin:/course/cs017/bin:/admin/tasupport/bin:/course/cs166/bin:/course/cs033/bin:/course/cs018/scala/bin
USERNAME=ww15
LD_LIBRARY_PATH=/gpfs/main/research/java/linux/jdk1.7.0_13/jre/lib/i386/server:/gpfs/main/research/java/linux/jdk1.7.0_13/jre/lib/i386:/gpfs/main/research/java/linux/jdk1.7.0_13/jre/../lib/i386:/usr/lib/jvm/java-6-sun-1.6.0.26/jre/lib/i386/client:/usr/lib/jvm/java-6-sun-1.6.0.26/jre/lib/i386:
SHELL=/bin/bash
DISPLAY=127.0.0.1:90.0

Signal Handlers:
SIGSEGV: [libjvm.so+0x720f90], sa_mask[0]=0x7ffbfeff, sa_flags=0x10000004
SIGBUS: [libjvm.so+0x720f90], sa_mask[0]=0x7ffbfeff, sa_flags=0x10000004
SIGFPE: [libjvm.so+0x5d9de0], sa_mask[0]=0x7ffbfeff, sa_flags=0x10000004
SIGPIPE: [libjvm.so+0x5d9de0], sa_mask[0]=0x7ffbfeff, sa_flags=0x10000004
SIGXFSZ: [libjvm.so+0x5d9de0], sa_mask[0]=0x7ffbfeff, sa_flags=0x10000004
SIGILL: [libjvm.so+0x5d9de0], sa_mask[0]=0x7ffbfeff, sa_flags=0x10000004
SIGUSR1: SIG_DFL, sa_mask[0]=0x00000000, sa_flags=0x00000000
SIGUSR2: [libjvm.so+0x5d96c0], sa_mask[0]=0x00000004, sa_flags=0x10000004
SIGHUP: [libjvm.so+0x5dbcb0], sa_mask[0]=0x7ffbfeff, sa_flags=0x10000004
SIGINT: [libjvm.so+0x5dbcb0], sa_mask[0]=0x7ffbfeff, sa_flags=0x10000004
SIGTERM: [libjvm.so+0x5dbcb0], sa_mask[0]=0x7ffbfeff, sa_flags=0x10000004
SIGQUIT: [libjvm.so+0x5dbcb0], sa_mask[0]=0x7ffbfeff, sa_flags=0x10000004


---------------  S Y S T E M  ---------------

OS:6.0.7

uname:Linux 2.6.32-5-686-bigmem #1 SMP Mon Feb 25 01:53:47 UTC 2013 i686
libc:glibc 2.11.3 NPTL 2.11.3 
rlimit: STACK 8192k, CORE 0k, NPROC infinity, NOFILE 4096, AS infinity
load average:0.44 0.35 0.19

/proc/meminfo:
MemTotal:        4146488 kB
MemFree:         1494500 kB
Buffers:          280016 kB
Cached:          1697160 kB
SwapCached:         1256 kB
Active:          1292016 kB
Inactive:        1161940 kB
Active(anon):     361584 kB
Inactive(anon):   115784 kB
Active(file):     930432 kB
Inactive(file):  1046156 kB
Unevictable:          16 kB
Mlocked:              16 kB
HighTotal:       3284552 kB
HighFree:        1140332 kB
LowTotal:         861936 kB
LowFree:          354168 kB
SwapTotal:       8388600 kB
SwapFree:        8378952 kB
Dirty:              1132 kB
Writeback:             0 kB
AnonPages:        475420 kB
Mapped:            97336 kB
Shmem:               764 kB
Slab:             160820 kB
SReclaimable:     143968 kB
SUnreclaim:        16852 kB
KernelStack:        2896 kB
PageTables:         5096 kB
NFS_Unstable:          0 kB
Bounce:                0 kB
WritebackTmp:          0 kB
CommitLimit:    10461844 kB
Committed_AS:    1245984 kB
VmallocTotal:     122880 kB
VmallocUsed:       55044 kB
VmallocChunk:      38908 kB
HardwareCorrupted:     0 kB
HugePages_Total:       0
HugePages_Free:        0
HugePages_Rsvd:        0
HugePages_Surp:        0
Hugepagesize:       2048 kB
DirectMap4k:      333816 kB
DirectMap2M:      575488 kB


CPU:total 4 (4 cores per cpu, 1 threads per core) family 6 model 15 stepping 11, cmov, cx8, fxsr, mmx, sse, sse2, sse3, ssse3, tsc

/proc/cpuinfo:
processor	: 0
vendor_id	: GenuineIntel
cpu family	: 6
model		: 15
model name	: Intel(R) Core(TM)2 Quad CPU    Q6600  @ 2.40GHz
stepping	: 11
cpu MHz		: 2399.610
cache size	: 4096 KB
physical id	: 0
siblings	: 4
core id		: 0
cpu cores	: 4
apicid		: 0
initial apicid	: 0
fdiv_bug	: no
hlt_bug		: no
f00f_bug	: no
coma_bug	: no
fpu		: yes
fpu_exception	: yes
cpuid level	: 10
wp		: yes
flags		: fpu vme de pse tsc msr pae mce cx8 apic sep mtrr pge mca cmov pat pse36 clflush dts acpi mmx fxsr sse sse2 ss ht tm pbe lm constant_tsc arch_perfmon pebs bts aperfmperf pni dtes64 monitor ds_cpl vmx est tm2 ssse3 cx16 xtpr pdcm lahf_lm tpr_shadow vnmi flexpriority
bogomips	: 4799.22
clflush size	: 64
cache_alignment	: 64
address sizes	: 36 bits physical, 48 bits virtual
power management:

processor	: 1
vendor_id	: GenuineIntel
cpu family	: 6
model		: 15
model name	: Intel(R) Core(TM)2 Quad CPU    Q6600  @ 2.40GHz
stepping	: 11
cpu MHz		: 2399.610
cache size	: 4096 KB
physical id	: 0
siblings	: 4
core id		: 1
cpu cores	: 4
apicid		: 1
initial apicid	: 1
fdiv_bug	: no
hlt_bug		: no
f00f_bug	: no
coma_bug	: no
fpu		: yes
fpu_exception	: yes
cpuid level	: 10
wp		: yes
flags		: fpu vme de pse tsc msr pae mce cx8 apic sep mtrr pge mca cmov pat pse36 clflush dts acpi mmx fxsr sse sse2 ss ht tm pbe lm constant_tsc arch_perfmon pebs bts aperfmperf pni dtes64 monitor ds_cpl vmx est tm2 ssse3 cx16 xtpr pdcm lahf_lm tpr_shadow vnmi flexpriority
bogomips	: 4800.29
clflush size	: 64
cache_alignment	: 64
address sizes	: 36 bits physical, 48 bits virtual
power management:

processor	: 2
vendor_id	: GenuineIntel
cpu family	: 6
model		: 15
model name	: Intel(R) Core(TM)2 Quad CPU    Q6600  @ 2.40GHz
stepping	: 11
cpu MHz		: 2399.610
cache size	: 4096 KB
physical id	: 0
siblings	: 4
core id		: 2
cpu cores	: 4
apicid		: 2
initial apicid	: 2
fdiv_bug	: no
hlt_bug		: no
f00f_bug	: no
coma_bug	: no
fpu		: yes
fpu_exception	: yes
cpuid level	: 10
wp		: yes
flags		: fpu vme de pse tsc msr pae mce cx8 apic sep mtrr pge mca cmov pat pse36 clflush dts acpi mmx fxsr sse sse2 ss ht tm pbe lm constant_tsc arch_perfmon pebs bts aperfmperf pni dtes64 monitor ds_cpl vmx est tm2 ssse3 cx16 xtpr pdcm lahf_lm tpr_shadow vnmi flexpriority
bogomips	: 4800.35
clflush size	: 64
cache_alignment	: 64
address sizes	: 36 bits physical, 48 bits virtual
power management:

processor	: 3
vendor_id	: GenuineIntel
cpu family	: 6
model		: 15
model name	: Intel(R) Core(TM)2 Quad CPU    Q6600  @ 2.40GHz
stepping	: 11
cpu MHz		: 2399.610
cache size	: 4096 KB
physical id	: 0
siblings	: 4
core id		: 3
cpu cores	: 4
apicid		: 3
initial apicid	: 3
fdiv_bug	: no
hlt_bug		: no
f00f_bug	: no
coma_bug	: no
fpu		: yes
fpu_exception	: yes
cpuid level	: 10
wp		: yes
flags		: fpu vme de pse tsc msr pae mce cx8 apic sep mtrr pge mca cmov pat pse36 clflush dts acpi mmx fxsr sse sse2 ss ht tm pbe lm constant_tsc arch_perfmon pebs bts aperfmperf pni dtes64 monitor ds_cpl vmx est tm2 ssse3 cx16 xtpr pdcm lahf_lm tpr_shadow vnmi flexpriority
bogomips	: 4800.33
clflush size	: 64
cache_alignment	: 64
address sizes	: 36 bits physical, 48 bits virtual
power management:



Memory: 4k page, physical 4146488k(1494500k free), swap 8388600k(8378952k free)

vm_info: Java HotSpot(TM) Server VM (23.7-b01) for linux-x86 JRE (1.7.0_13-b20), built on Jan 30 2013 01:28:22 by "java_re" with gcc 4.3.0 20080428 (Red Hat 4.3.0-8)

time: Thu Apr 18 10:50:56 2013
elapsed time: 0 seconds

